#-----------------------------------------------------------
# Vivado v2023.1 (64-bit)
# SW Build 3865809 on Sun May  7 15:05:29 MDT 2023
# IP Build 3864474 on Sun May  7 20:36:21 MDT 2023
# SharedData Build 3865790 on Sun May 07 13:33:03 MDT 2023
# Start of session at: Mon Feb 12 20:18:23 2024
# Process ID: 37632
# Current directory: C:/Users/lotto/Desktop/Consegna/Block_Design
# Command line: vivado.exe -gui_launcher_event rodinguilauncherevent10740 C:\Users\lotto\Desktop\Consegna\Block_Design\Block_Design.xpr
# Log file: C:/Users/lotto/Desktop/Consegna/Block_Design/vivado.log
# Journal file: C:/Users/lotto/Desktop/Consegna/Block_Design\vivado.jou
# Running On: MSI, OS: Windows, CPU Frequency: 2918 MHz, CPU Physical cores: 10, Host memory: 16870 MB
#-----------------------------------------------------------
start_gui
open_project C:/Users/lotto/Desktop/Consegna/Block_Design/Block_Design.xpr
WARNING: [Board 49-26] cannot add Board Part tul.com.tw:pynqzu:part0:1.1 available at C:/Users/lotto/AppData/Roaming/Xilinx/Vivado/2023.1/xhub/board_store/xilinx_board_store/XilinxBoardStore/Vivado/2023.1/boards/TUL/pynqzu/1.1/1.1/board.xml as part xczu5eg-sfvc784-1-e specified in board_part file is either invalid or not available
WARNING: [Board 49-26] cannot add Board Part xilinx.com:kc705:part0:1.6 available at C:/Xilinx/Vivado/2023.1/data/xhub/boards/XilinxBoardStore/boards/Xilinx/kc705/1.6/board.xml as part xc7k325tffg900-2 specified in board_part file is either invalid or not available
WARNING: [Board 49-26] cannot add Board Part xilinx.com:kcu105:part0:1.6 available at C:/Xilinx/Vivado/2023.1/data/xhub/boards/XilinxBoardStore/boards/Xilinx/kcu105/1.6/board.xml as part xcku040-ffva1156-2-e specified in board_part file is either invalid or not available
WARNING: [Board 49-26] cannot add Board Part xilinx.com:kcu105:part0:1.7 available at C:/Xilinx/Vivado/2023.1/data/xhub/boards/XilinxBoardStore/boards/Xilinx/kcu105/1.7/board.xml as part xcku040-ffva1156-2-e specified in board_part file is either invalid or not available
WARNING: [Board 49-26] cannot add Board Part xilinx.com:kcu116:part0:1.4 available at C:/Xilinx/Vivado/2023.1/data/xhub/boards/XilinxBoardStore/boards/Xilinx/kcu116/1.4/board.xml as part xcku5p-ffvb676-2-e specified in board_part file is either invalid or not available
WARNING: [Board 49-26] cannot add Board Part xilinx.com:kcu116:part0:1.5 available at C:/Xilinx/Vivado/2023.1/data/xhub/boards/XilinxBoardStore/boards/Xilinx/kcu116/1.5/board.xml as part xcku5p-ffvb676-2-e specified in board_part file is either invalid or not available
WARNING: [Board 49-26] cannot add Board Part xilinx.com:kcu1500:part0:1.2 available at C:/Xilinx/Vivado/2023.1/data/xhub/boards/XilinxBoardStore/boards/Xilinx/kcu1500/1.2/board.xml as part xcku115-flvb2104-2-e specified in board_part file is either invalid or not available
WARNING: [Board 49-26] cannot add Board Part xilinx.com:sp701:part0:1.0 available at C:/Xilinx/Vivado/2023.1/data/xhub/boards/XilinxBoardStore/boards/Xilinx/sp701/1.0/board.xml as part xc7s100fgga676-2 specified in board_part file is either invalid or not available
WARNING: [Board 49-26] cannot add Board Part xilinx.com:sp701:part0:1.1 available at C:/Xilinx/Vivado/2023.1/data/xhub/boards/XilinxBoardStore/boards/Xilinx/sp701/1.1/board.xml as part xc7s100fgga676-2 specified in board_part file is either invalid or not available
WARNING: [Board 49-26] cannot add Board Part xilinx.com:vc707:part0:1.4 available at C:/Xilinx/Vivado/2023.1/data/xhub/boards/XilinxBoardStore/boards/Xilinx/vc707/1.4/board.xml as part xc7vx485tffg1761-2 specified in board_part file is either invalid or not available
WARNING: [Board 49-26] cannot add Board Part xilinx.com:vc709:part0:1.8 available at C:/Xilinx/Vivado/2023.1/data/xhub/boards/XilinxBoardStore/boards/Xilinx/vc709/1.8/board.xml as part xc7vx690tffg1761-2 specified in board_part file is either invalid or not available
WARNING: [Board 49-26] cannot add Board Part xilinx.com:vck190:part0:2.2 available at C:/Xilinx/Vivado/2023.1/data/xhub/boards/XilinxBoardStore/boards/Xilinx/vck190/production/2.2/board.xml as part xcvc1902-vsva2197-2mp-e-s specified in board_part file is either invalid or not available
WARNING: [Board 49-26] cannot add Board Part xilinx.com:vck190:part0:3.0 available at C:/Xilinx/Vivado/2023.1/data/xhub/boards/XilinxBoardStore/boards/Xilinx/vck190/production/3.0/board.xml as part xcvc1902-vsva2197-2mp-e-s specified in board_part file is either invalid or not available
WARNING: [Board 49-26] cannot add Board Part xilinx.com:vck190:part0:3.1 available at C:/Xilinx/Vivado/2023.1/data/xhub/boards/XilinxBoardStore/boards/Xilinx/vck190/production/3.1/board.xml as part xcvc1902-vsva2197-2mp-e-s specified in board_part file is either invalid or not available
WARNING: [Board 49-26] cannot add Board Part xilinx.com:vck190:part0:3.2 available at C:/Xilinx/Vivado/2023.1/data/xhub/boards/XilinxBoardStore/boards/Xilinx/vck190/production/3.2/board.xml as part xcvc1902-vsva2197-2mp-e-s specified in board_part file is either invalid or not available
WARNING: [Board 49-26] cannot add Board Part xilinx.com:vck190_newl:part0:1.0 available at C:/Xilinx/Vivado/2023.1/data/xhub/boards/XilinxBoardStore/boards/Xilinx/vck190_newl/production/1.0/board.xml as part xcvc1902-vsva2197-2mp-e-s specified in board_part file is either invalid or not available
WARNING: [Board 49-26] cannot add Board Part xilinx.com:vck190_newl:part0:1.1 available at C:/Xilinx/Vivado/2023.1/data/xhub/boards/XilinxBoardStore/boards/Xilinx/vck190_newl/production/1.1/board.xml as part xcvc1902-vsva2197-2mp-e-s specified in board_part file is either invalid or not available
WARNING: [Board 49-26] cannot add Board Part xilinx.com:vcu108:part0:1.6 available at C:/Xilinx/Vivado/2023.1/data/xhub/boards/XilinxBoardStore/boards/Xilinx/vcu108/1.6/board.xml as part xcvu095-ffva2104-2-e specified in board_part file is either invalid or not available
WARNING: [Board 49-26] cannot add Board Part xilinx.com:vcu108:part0:1.7 available at C:/Xilinx/Vivado/2023.1/data/xhub/boards/XilinxBoardStore/boards/Xilinx/vcu108/1.7/board.xml as part xcvu095-ffva2104-2-e specified in board_part file is either invalid or not available
WARNING: [Board 49-26] cannot add Board Part xilinx.com:vcu110:part0:1.4 available at C:/Xilinx/Vivado/2023.1/data/xhub/boards/XilinxBoardStore/boards/Xilinx/vcu110/1.4/board.xml as part xcvu190-flgc2104-2-e specified in board_part file is either invalid or not available
WARNING: [Board 49-26] cannot add Board Part xilinx.com:vcu118:part0:2.0 available at C:/Xilinx/Vivado/2023.1/data/xhub/boards/XilinxBoardStore/boards/Xilinx/vcu118/2.0/board.xml as part xcvu9p-flga2104-2l-e specified in board_part file is either invalid or not available
WARNING: [Board 49-26] cannot add Board Part xilinx.com:vcu118:part0:2.3 available at C:/Xilinx/Vivado/2023.1/data/xhub/boards/XilinxBoardStore/boards/Xilinx/vcu118/2.3/board.xml as part xcvu9p-flga2104-2l-e specified in board_part file is either invalid or not available
WARNING: [Board 49-26] cannot add Board Part xilinx.com:vcu118:part0:2.4 available at C:/Xilinx/Vivado/2023.1/data/xhub/boards/XilinxBoardStore/boards/Xilinx/vcu118/2.4/board.xml as part xcvu9p-flga2104-2l-e specified in board_part file is either invalid or not available
WARNING: [Board 49-26] cannot add Board Part xilinx.com:vcu128:part0:1.0 available at C:/Xilinx/Vivado/2023.1/data/xhub/boards/XilinxBoardStore/boards/Xilinx/vcu128/production/1.0/board.xml as part xcvu37p-fsvh2892-2l-e specified in board_part file is either invalid or not available
WARNING: [Board 49-26] cannot add Board Part xilinx.com:vcu129:part0:1.0 available at C:/Xilinx/Vivado/2023.1/data/xhub/boards/XilinxBoardStore/boards/Xilinx/vcu129/production/1.0/board.xml as part xcvu29p-fsga2577-2l-e specified in board_part file is either invalid or not available
WARNING: [Board 49-26] cannot add Board Part xilinx.com:vcu1525:part0:1.3 available at C:/Xilinx/Vivado/2023.1/data/xhub/boards/XilinxBoardStore/boards/Xilinx/vcu1525/1.3/board.xml as part xcvu9p-fsgd2104-2l-e specified in board_part file is either invalid or not available
WARNING: [Board 49-26] cannot add Board Part xilinx.com:vek280_es:part0:1.0 available at C:/Xilinx/Vivado/2023.1/data/xhub/boards/XilinxBoardStore/boards/Xilinx/vek280/es/rev_a/1.0/board.xml as part xcve2802-vsvh1760-2lp-e-s-es1 specified in board_part file is either invalid or not available
WARNING: [Board 49-26] cannot add Board Part xilinx.com:vek280_es:part0:1.1 available at C:/Xilinx/Vivado/2023.1/data/xhub/boards/XilinxBoardStore/boards/Xilinx/vek280/es/rev_a/1.1/board.xml as part xcve2802-vsvh1760-2lp-e-s-es1 specified in board_part file is either invalid or not available
WARNING: [Board 49-26] cannot add Board Part xilinx.com:vek280_es_revb:part0:1.0 available at C:/Xilinx/Vivado/2023.1/data/xhub/boards/XilinxBoardStore/boards/Xilinx/vek280/es/rev_b/1.0/board.xml as part xcve2802-vsvh1760-2mp-e-s-es1 specified in board_part file is either invalid or not available
WARNING: [Board 49-26] cannot add Board Part xilinx.com:vek280_es_revb:part0:1.1 available at C:/Xilinx/Vivado/2023.1/data/xhub/boards/XilinxBoardStore/boards/Xilinx/vek280/es/rev_b/1.1/board.xml as part xcve2802-vsvh1760-2mp-e-s-es1 specified in board_part file is either invalid or not available
WARNING: [Board 49-26] cannot add Board Part xilinx.com:vermeo_t1_mpsoc:part0:1.0 available at C:/Xilinx/Vivado/2023.1/data/xhub/boards/XilinxBoardStore/boards/Xilinx/vermeo_t1_mpsoc/1.0/board.xml as part xczu19eg-ffvd1760-2l-e specified in board_part file is either invalid or not available
WARNING: [Board 49-26] cannot add Board Part xilinx.com:vermeo_t1_rfsoc:part0:1.0 available at C:/Xilinx/Vivado/2023.1/data/xhub/boards/XilinxBoardStore/boards/Xilinx/vermeo_t1_rfsoc/1.0/board.xml as part xczu21dr-ffvd1156-2l-e specified in board_part file is either invalid or not available
WARNING: [Board 49-26] cannot add Board Part xilinx.com:vhk158:part0:1.0 available at C:/Xilinx/Vivado/2023.1/data/xhub/boards/XilinxBoardStore/boards/Xilinx/vhk158/production/1.0/board.xml as part xcvh1582-vsva3697-2mp-e-s specified in board_part file is either invalid or not available
WARNING: [Board 49-26] cannot add Board Part xilinx.com:vhk158_es:part0:1.0 available at C:/Xilinx/Vivado/2023.1/data/xhub/boards/XilinxBoardStore/boards/Xilinx/vhk158/es/1.0/board.xml as part xcvh1582-vsva3697-2mp-e-s-es1 specified in board_part file is either invalid or not available
WARNING: [Board 49-26] cannot add Board Part xilinx.com:vhk158_es:part0:1.1 available at C:/Xilinx/Vivado/2023.1/data/xhub/boards/XilinxBoardStore/boards/Xilinx/vhk158/es/1.1/board.xml as part xcvh1582-vsva3697-2mp-e-s-es1 specified in board_part file is either invalid or not available
WARNING: [Board 49-26] cannot add Board Part xilinx.com:vmk180:part0:2.2 available at C:/Xilinx/Vivado/2023.1/data/xhub/boards/XilinxBoardStore/boards/Xilinx/vmk180/production/2.2/board.xml as part xcvm1802-vsva2197-2mp-e-s specified in board_part file is either invalid or not available
WARNING: [Board 49-26] cannot add Board Part xilinx.com:vmk180:part0:3.0 available at C:/Xilinx/Vivado/2023.1/data/xhub/boards/XilinxBoardStore/boards/Xilinx/vmk180/production/3.0/board.xml as part xcvm1802-vsva2197-2mp-e-s specified in board_part file is either invalid or not available
WARNING: [Board 49-26] cannot add Board Part xilinx.com:vmk180:part0:3.1 available at C:/Xilinx/Vivado/2023.1/data/xhub/boards/XilinxBoardStore/boards/Xilinx/vmk180/production/3.1/board.xml as part xcvm1802-vsva2197-2mp-e-s specified in board_part file is either invalid or not available
WARNING: [Board 49-26] cannot add Board Part xilinx.com:vmk180:part0:3.2 available at C:/Xilinx/Vivado/2023.1/data/xhub/boards/XilinxBoardStore/boards/Xilinx/vmk180/production/3.2/board.xml as part xcvm1802-vsva2197-2mp-e-s specified in board_part file is either invalid or not available
WARNING: [Board 49-26] cannot add Board Part xilinx.com:vmk180_newl:part0:1.0 available at C:/Xilinx/Vivado/2023.1/data/xhub/boards/XilinxBoardStore/boards/Xilinx/vmk180_newl/production/1.0/board.xml as part xcvm1802-vsva2197-2mp-e-s specified in board_part file is either invalid or not available
WARNING: [Board 49-26] cannot add Board Part xilinx.com:vmk180_newl:part0:1.1 available at C:/Xilinx/Vivado/2023.1/data/xhub/boards/XilinxBoardStore/boards/Xilinx/vmk180_newl/production/1.1/board.xml as part xcvm1802-vsva2197-2mp-e-s specified in board_part file is either invalid or not available
WARNING: [Board 49-26] cannot add Board Part xilinx.com:vpk120:part0:1.0 available at C:/Xilinx/Vivado/2023.1/data/xhub/boards/XilinxBoardStore/boards/Xilinx/vpk120/production/1.0/board.xml as part xcvp1202-vsva2785-2mp-e-s specified in board_part file is either invalid or not available
WARNING: [Board 49-26] cannot add Board Part xilinx.com:vpk120:part0:1.1 available at C:/Xilinx/Vivado/2023.1/data/xhub/boards/XilinxBoardStore/boards/Xilinx/vpk120/production/1.1/board.xml as part xcvp1202-vsva2785-2mp-e-s specified in board_part file is either invalid or not available
WARNING: [Board 49-26] cannot add Board Part xilinx.com:vpk120_es:part0:1.2 available at C:/Xilinx/Vivado/2023.1/data/xhub/boards/XilinxBoardStore/boards/Xilinx/vpk120/es/1.2/board.xml as part xcvp1202-vsva2785-2mp-e-s-es1 specified in board_part file is either invalid or not available
WARNING: [Board 49-26] cannot add Board Part xilinx.com:vpk120_es:part0:1.3 available at C:/Xilinx/Vivado/2023.1/data/xhub/boards/XilinxBoardStore/boards/Xilinx/vpk120/es/1.3/board.xml as part xcvp1202-vsva2785-2mp-e-s-es1 specified in board_part file is either invalid or not available
WARNING: [Board 49-26] cannot add Board Part xilinx.com:vpk120_es_revb:part0:1.0 available at C:/Xilinx/Vivado/2023.1/data/xhub/boards/XilinxBoardStore/boards/Xilinx/vpk120_revb/es/1.0/board.xml as part xcvp1202-vsva2785-2mp-e-s-es1 specified in board_part file is either invalid or not available
WARNING: [Board 49-26] cannot add Board Part xilinx.com:vpk120_es_revb:part0:1.1 available at C:/Xilinx/Vivado/2023.1/data/xhub/boards/XilinxBoardStore/boards/Xilinx/vpk120_revb/es/1.1/board.xml as part xcvp1202-vsva2785-2mp-e-s-es1 specified in board_part file is either invalid or not available
WARNING: [Board 49-26] cannot add Board Part xilinx.com:vpk180:part0:1.0 available at C:/Xilinx/Vivado/2023.1/data/xhub/boards/XilinxBoardStore/boards/Xilinx/vpk180/production/1.0/board.xml as part xcvp1802-lsvc4072-2mp-e-s specified in board_part file is either invalid or not available
WARNING: [Board 49-26] cannot add Board Part xilinx.com:vpk180:part0:1.1 available at C:/Xilinx/Vivado/2023.1/data/xhub/boards/XilinxBoardStore/boards/Xilinx/vpk180/production/1.1/board.xml as part xcvp1802-lsvc4072-2mp-e-s specified in board_part file is either invalid or not available
WARNING: [Board 49-26] cannot add Board Part xilinx.com:vpk180_es:part0:1.0 available at C:/Xilinx/Vivado/2023.1/data/xhub/boards/XilinxBoardStore/boards/Xilinx/vpk180/es/1.0/board.xml as part xcvp1802-lsvc4072-2mp-e-s-es1 specified in board_part file is either invalid or not available
WARNING: [Board 49-26] cannot add Board Part xilinx.com:vpk180_es:part0:1.1 available at C:/Xilinx/Vivado/2023.1/data/xhub/boards/XilinxBoardStore/boards/Xilinx/vpk180/es/1.1/board.xml as part xcvp1802-lsvc4072-2mp-e-s-es1 specified in board_part file is either invalid or not available
WARNING: [Board 49-26] cannot add Board Part xilinx.com:zc706:part0:1.4 available at C:/Xilinx/Vivado/2023.1/data/xhub/boards/XilinxBoardStore/boards/Xilinx/zc706/1.4/board.xml as part xc7z045ffg900-2 specified in board_part file is either invalid or not available
WARNING: [Board 49-26] cannot add Board Part xilinx.com:zcu102:part0:3.3 available at C:/Xilinx/Vivado/2023.1/data/xhub/boards/XilinxBoardStore/boards/Xilinx/zcu102/3.3/board.xml as part xczu9eg-ffvb1156-2-e specified in board_part file is either invalid or not available
WARNING: [Board 49-26] cannot add Board Part xilinx.com:zcu102:part0:3.4 available at C:/Xilinx/Vivado/2023.1/data/xhub/boards/XilinxBoardStore/boards/Xilinx/zcu102/3.4/board.xml as part xczu9eg-ffvb1156-2-e specified in board_part file is either invalid or not available
WARNING: [Board 49-26] cannot add Board Part xilinx.com:zcu104:part0:1.1 available at C:/Xilinx/Vivado/2023.1/data/xhub/boards/XilinxBoardStore/boards/Xilinx/zcu104/1.1/board.xml as part xczu7ev-ffvc1156-2-e specified in board_part file is either invalid or not available
WARNING: [Board 49-26] cannot add Board Part xilinx.com:zcu106:part0:2.4 available at C:/Xilinx/Vivado/2023.1/data/xhub/boards/XilinxBoardStore/boards/Xilinx/zcu106/2.4/board.xml as part xczu7ev-ffvc1156-2-e specified in board_part file is either invalid or not available
WARNING: [Board 49-26] cannot add Board Part xilinx.com:zcu106:part0:2.5 available at C:/Xilinx/Vivado/2023.1/data/xhub/boards/XilinxBoardStore/boards/Xilinx/zcu106/2.5/board.xml as part xczu7ev-ffvc1156-2-e specified in board_part file is either invalid or not available
WARNING: [Board 49-26] cannot add Board Part xilinx.com:zcu106:part0:2.6 available at C:/Xilinx/Vivado/2023.1/data/xhub/boards/XilinxBoardStore/boards/Xilinx/zcu106/2.6/board.xml as part xczu7ev-ffvc1156-2-e specified in board_part file is either invalid or not available
WARNING: [Board 49-26] cannot add Board Part xilinx.com:zcu111:part0:1.2 available at C:/Xilinx/Vivado/2023.1/data/xhub/boards/XilinxBoardStore/boards/Xilinx/zcu111/1.2/board.xml as part xczu28dr-ffvg1517-2-e specified in board_part file is either invalid or not available
WARNING: [Board 49-26] cannot add Board Part xilinx.com:zcu111:part0:1.3 available at C:/Xilinx/Vivado/2023.1/data/xhub/boards/XilinxBoardStore/boards/Xilinx/zcu111/1.3/board.xml as part xczu28dr-ffvg1517-2-e specified in board_part file is either invalid or not available
WARNING: [Board 49-26] cannot add Board Part xilinx.com:zcu111:part0:1.4 available at C:/Xilinx/Vivado/2023.1/data/xhub/boards/XilinxBoardStore/boards/Xilinx/zcu111/1.4/board.xml as part xczu28dr-ffvg1517-2-e specified in board_part file is either invalid or not available
WARNING: [Board 49-26] cannot add Board Part xilinx.com:zcu1275:part0:1.0 available at C:/Xilinx/Vivado/2023.1/data/xhub/boards/XilinxBoardStore/boards/Xilinx/zcu1275/1.0/board.xml as part xczu29dr-ffvf1760-2-e specified in board_part file is either invalid or not available
WARNING: [Board 49-26] cannot add Board Part xilinx.com:zcu1285:part0:1.0 available at C:/Xilinx/Vivado/2023.1/data/xhub/boards/XilinxBoardStore/boards/Xilinx/zcu1285/1.0/board.xml as part xczu39dr-ffvf1760-2-i specified in board_part file is either invalid or not available
WARNING: [Board 49-26] cannot add Board Part xilinx.com:zcu208:part0:2.0 available at C:/Xilinx/Vivado/2023.1/data/xhub/boards/XilinxBoardStore/boards/Xilinx/zcu208/production/2.0/board.xml as part xczu48dr-fsvg1517-2-e specified in board_part file is either invalid or not available
WARNING: [Board 49-26] cannot add Board Part xilinx.com:zcu208ld:part0:2.0 available at C:/Xilinx/Vivado/2023.1/data/xhub/boards/XilinxBoardStore/boards/Xilinx/zcu208ld/production/2.0/board.xml as part xczu58dr-fsvg1517-2-i specified in board_part file is either invalid or not available
WARNING: [Board 49-26] cannot add Board Part xilinx.com:zcu216:part0:2.0 available at C:/Xilinx/Vivado/2023.1/data/xhub/boards/XilinxBoardStore/boards/Xilinx/zcu216/production/2.0/board.xml as part xczu49dr-ffvf1760-2-e specified in board_part file is either invalid or not available
WARNING: [Board 49-26] cannot add Board Part xilinx.com:zcu216ld:part0:2.0 available at C:/Xilinx/Vivado/2023.1/data/xhub/boards/XilinxBoardStore/boards/Xilinx/zcu216ld/production/2.0/board.xml as part xczu59dr-ffvf1760-2-i specified in board_part file is either invalid or not available
WARNING: [Board 49-26] cannot add Board Part xilinx.com:zcu670:part0:2.0 available at C:/Xilinx/Vivado/2023.1/data/xhub/boards/XilinxBoardStore/boards/Xilinx/zcu670/2.0/board.xml as part xczu67dr-fsve1156-2-i specified in board_part file is either invalid or not available
WARNING: [Board 49-26] cannot add Board Part xilinx.com:zcu670ld:part0:1.0 available at C:/Xilinx/Vivado/2023.1/data/xhub/boards/XilinxBoardStore/boards/Xilinx/zcu670ld/1.0/board.xml as part xczu57dr-fsve1156-2-i specified in board_part file is either invalid or not available
Scanning sources...
Finished scanning sources
INFO: [IP_Flow 19-234] Refreshing IP repositories
INFO: [IP_Flow 19-1700] Loaded user IP repository 'c:/Users/lotto/Desktop/Consegna/ip_repo'.
INFO: [IP_Flow 19-2313] Loaded Vivado IP repository 'C:/Xilinx/Vivado/2023.1/data/ip'.
open_project: Time (s): cpu = 00:00:04 ; elapsed = 00:00:08 . Memory (MB): peak = 1536.855 ; gain = 456.004
update_compile_order -fileset sources_1
open_bd_design {C:/Users/lotto/Desktop/Consegna/Block_Design/Block_Design.srcs/sources_1/bd/B_Design/B_Design.bd}
Reading block design file <C:/Users/lotto/Desktop/Consegna/Block_Design/Block_Design.srcs/sources_1/bd/B_Design/B_Design.bd>...
Adding component instance block -- xilinx.com:ip:processing_system7:5.5 - processing_system7_0
Adding component instance block -- xilinx.com:ip:axi_dma:7.1 - axi_dma_0
Adding component instance block -- xilinx.com:ip:axi_interconnect:2.1 - ps7_0_axi_periph
Adding component instance block -- xilinx.com:ip:axi_protocol_converter:2.1 - auto_pc
Adding component instance block -- xilinx.com:ip:proc_sys_reset:5.0 - rst_ps7_0_0M
Adding component instance block -- xilinx.com:ip:axi_interconnect:2.1 - axi_mem_intercon
Adding component instance block -- xilinx.com:ip:axi_crossbar:2.1 - xbar
Adding component instance block -- xilinx.com:ip:axi_dwidth_converter:2.1 - auto_us
Adding component instance block -- xilinx.com:ip:axi_dwidth_converter:2.1 - auto_us
Adding component instance block -- xilinx.com:ip:axi_protocol_converter:2.1 - auto_pc
Adding component instance block -- xilinx.com:user:AXI_MERGE_v1_0:1.0 - AXI_MERGE_v1_0_0
Successfully read diagram <B_Design> from block design file <C:/Users/lotto/Desktop/Consegna/Block_Design/Block_Design.srcs/sources_1/bd/B_Design/B_Design.bd>
WARNING: [IP_Flow 19-474] Invalid Parameter 'Component_Name'
startgroup
set_property CONFIG.PCW_FPGA0_PERIPHERAL_FREQMHZ {0.1} [get_bd_cells processing_system7_0]
endgroup
reset_run B_Design_processing_system7_0_0_synth_1
reset_run synth_1
INFO: [Project 1-1161] Replacing file C:/Users/lotto/Desktop/Consegna/Block_Design/Block_Design.srcs/utils_1/imports/synth_1/B_Design_wrapper.dcp with file C:/Users/lotto/Desktop/Consegna/Block_Design/Block_Design.runs/synth_1/B_Design_wrapper.dcp
save_bd_design
Wrote  : <C:\Users\lotto\Desktop\Consegna\Block_Design\Block_Design.srcs\sources_1\bd\B_Design\B_Design.bd> 
launch_runs impl_1 -jobs 12
Wrote  : <C:\Users\lotto\Desktop\Consegna\Block_Design\Block_Design.srcs\sources_1\bd\B_Design\B_Design.bd> 
WARNING: [BD 41-2384] Width mismatch when connecting pin: '/axi_mem_intercon/m00_couplers/auto_pc/m_axi_rid'(1) to pin: '/axi_mem_intercon/m00_couplers/M_AXI_rid'(6) - Only lower order bits will be connected.
WARNING: [BD 41-2384] Width mismatch when connecting pin: '/axi_mem_intercon/m00_couplers/auto_pc/m_axi_bid'(1) to pin: '/axi_mem_intercon/m00_couplers/M_AXI_bid'(6) - Only lower order bits will be connected.
WARNING: [BD 41-2384] Width mismatch when connecting pin: '/processing_system7_0/S_AXI_HP0_AWID'(6) to pin: '/axi_mem_intercon/M00_AXI_awid'(1) - Only lower order bits will be connected.
WARNING: [BD 41-2384] Width mismatch when connecting pin: '/processing_system7_0/S_AXI_HP0_ARID'(6) to pin: '/axi_mem_intercon/M00_AXI_arid'(1) - Only lower order bits will be connected.
WARNING: [BD 41-2384] Width mismatch when connecting pin: '/processing_system7_0/S_AXI_HP0_WID'(6) to pin: '/axi_mem_intercon/M00_AXI_wid'(1) - Only lower order bits will be connected.
VHDL Output written to : c:/Users/lotto/Desktop/Consegna/Block_Design/Block_Design.gen/sources_1/bd/B_Design/synth/B_Design.vhd
WARNING: [BD 41-2384] Width mismatch when connecting pin: '/axi_mem_intercon/m00_couplers/auto_pc/m_axi_rid'(1) to pin: '/axi_mem_intercon/m00_couplers/M_AXI_rid'(6) - Only lower order bits will be connected.
WARNING: [BD 41-2384] Width mismatch when connecting pin: '/axi_mem_intercon/m00_couplers/auto_pc/m_axi_bid'(1) to pin: '/axi_mem_intercon/m00_couplers/M_AXI_bid'(6) - Only lower order bits will be connected.
WARNING: [BD 41-2384] Width mismatch when connecting pin: '/processing_system7_0/S_AXI_HP0_AWID'(6) to pin: '/axi_mem_intercon/M00_AXI_awid'(1) - Only lower order bits will be connected.
WARNING: [BD 41-2384] Width mismatch when connecting pin: '/processing_system7_0/S_AXI_HP0_ARID'(6) to pin: '/axi_mem_intercon/M00_AXI_arid'(1) - Only lower order bits will be connected.
WARNING: [BD 41-2384] Width mismatch when connecting pin: '/processing_system7_0/S_AXI_HP0_WID'(6) to pin: '/axi_mem_intercon/M00_AXI_wid'(1) - Only lower order bits will be connected.
VHDL Output written to : c:/Users/lotto/Desktop/Consegna/Block_Design/Block_Design.gen/sources_1/bd/B_Design/sim/B_Design.vhd
VHDL Output written to : c:/Users/lotto/Desktop/Consegna/Block_Design/Block_Design.gen/sources_1/bd/B_Design/hdl/B_Design_wrapper.vhd
INFO: [IP_Flow 19-5611] Unable to find an associated reset port for the interface 'M_AXI_GP0'. A default connection has been created.
INFO: [IP_Flow 19-5611] Unable to find an associated reset port for the interface 'S_AXI_HP0'. A default connection has been created.
INFO: [BD 41-1029] Generation completed for the IP Integrator block processing_system7_0 .
INFO: [BD 41-1029] Generation completed for the IP Integrator block axi_dma_0 .
INFO: [BD 41-1029] Generation completed for the IP Integrator block rst_ps7_0_0M .
INFO: [BD 41-1029] Generation completed for the IP Integrator block axi_mem_intercon/xbar .
WARNING: [IP_Flow 19-4994] Overwriting existing constraint file 'c:/Users/lotto/Desktop/Consegna/Block_Design/Block_Design.gen/sources_1/bd/B_Design/ip/B_Design_auto_pc_0/B_Design_auto_pc_0_ooc.xdc'
INFO: [BD 41-1029] Generation completed for the IP Integrator block ps7_0_axi_periph/s00_couplers/auto_pc .
WARNING: [IP_Flow 19-4994] Overwriting existing constraint file 'c:/Users/lotto/Desktop/Consegna/Block_Design/Block_Design.gen/sources_1/bd/B_Design/ip/B_Design_auto_us_0/B_Design_auto_us_0_ooc.xdc'
INFO: [IP_Flow 19-5611] Unable to find an associated reset port for the interface 'S_AXI'. A default connection has been created.
INFO: [IP_Flow 19-5611] Unable to find an associated reset port for the interface 'M_AXI'. A default connection has been created.
INFO: [BD 41-1029] Generation completed for the IP Integrator block axi_mem_intercon/s00_couplers/auto_us .
WARNING: [IP_Flow 19-4994] Overwriting existing constraint file 'c:/Users/lotto/Desktop/Consegna/Block_Design/Block_Design.gen/sources_1/bd/B_Design/ip/B_Design_auto_us_1/B_Design_auto_us_1_ooc.xdc'
INFO: [IP_Flow 19-5611] Unable to find an associated reset port for the interface 'S_AXI'. A default connection has been created.
INFO: [IP_Flow 19-5611] Unable to find an associated reset port for the interface 'M_AXI'. A default connection has been created.
INFO: [BD 41-1029] Generation completed for the IP Integrator block axi_mem_intercon/s01_couplers/auto_us .
WARNING: [IP_Flow 19-4994] Overwriting existing constraint file 'c:/Users/lotto/Desktop/Consegna/Block_Design/Block_Design.gen/sources_1/bd/B_Design/ip/B_Design_auto_pc_1/B_Design_auto_pc_1_ooc.xdc'
INFO: [BD 41-1029] Generation completed for the IP Integrator block axi_mem_intercon/m00_couplers/auto_pc .
Exporting to file c:/Users/lotto/Desktop/Consegna/Block_Design/Block_Design.gen/sources_1/bd/B_Design/hw_handoff/B_Design.hwh
Generated Hardware Definition File c:/Users/lotto/Desktop/Consegna/Block_Design/Block_Design.gen/sources_1/bd/B_Design/synth/B_Design.hwdef
INFO: [IP_Flow 19-6930] IPCACHE: runCacheChecks() number of threads = 8
INFO: [IP_Flow 19-6921] IPCACHE: Adding cache check func to thread queue for IP B_Design_auto_pc_0
INFO: [IP_Flow 19-6921] IPCACHE: Adding cache check func to thread queue for IP B_Design_auto_pc_1
INFO: [IP_Flow 19-6921] IPCACHE: Adding cache check func to thread queue for IP B_Design_auto_us_0
INFO: [IP_Flow 19-6921] IPCACHE: Adding cache check func to thread queue for IP B_Design_auto_us_1
INFO: [IP_Flow 19-6921] IPCACHE: Adding cache check func to thread queue for IP B_Design_axi_dma_0_0
INFO: [IP_Flow 19-6921] IPCACHE: Adding cache check func to thread queue for IP B_Design_rst_ps7_0_0M_0
INFO: [IP_Flow 19-6921] IPCACHE: Adding cache check func to thread queue for IP B_Design_xbar_0
INFO: [IP_Flow 19-8020] IPCACHE: runCacheChecks() calling threadPool finishWork()
INFO: [IP_Flow 19-6924] IPCACHE: Running cache check for IP inst: B_Design_auto_pc_0
INFO: [IP_Flow 19-6922] IPCACHE: Exporting cached entry 7b2445213f5386a7 to dir: c:/Users/lotto/Desktop/Consegna/Block_Design/Block_Design.gen/sources_1/bd/B_Design/ip/B_Design_auto_pc_0
INFO: [IP_Flow 19-6928] IPCACHE: copied cached file c:/Users/lotto/Desktop/Consegna/Block_Design/Block_Design.cache/ip/2023.1/7/b/7b2445213f5386a7/B_Design_auto_pc_0.dcp to c:/Users/lotto/Desktop/Consegna/Block_Design/Block_Design.gen/sources_1/bd/B_Design/ip/B_Design_auto_pc_0/B_Design_auto_pc_0.dcp.
INFO: [IP_Flow 19-6926] IPCACHE: added file to list for BOM: c:/Users/lotto/Desktop/Consegna/Block_Design/Block_Design.gen/sources_1/bd/B_Design/ip/B_Design_auto_pc_0/B_Design_auto_pc_0.dcp
INFO: [IP_Flow 19-6928] IPCACHE: copied cached file c:/Users/lotto/Desktop/Consegna/Block_Design/Block_Design.cache/ip/2023.1/7/b/7b2445213f5386a7/B_Design_auto_pc_0_sim_netlist.v to c:/Users/lotto/Desktop/Consegna/Block_Design/Block_Design.gen/sources_1/bd/B_Design/ip/B_Design_auto_pc_0/B_Design_auto_pc_0_sim_netlist.v.
INFO: [IP_Flow 19-6926] IPCACHE: added file to list for BOM: c:/Users/lotto/Desktop/Consegna/Block_Design/Block_Design.gen/sources_1/bd/B_Design/ip/B_Design_auto_pc_0/B_Design_auto_pc_0_sim_netlist.v
INFO: [IP_Flow 19-6928] IPCACHE: copied cached file c:/Users/lotto/Desktop/Consegna/Block_Design/Block_Design.cache/ip/2023.1/7/b/7b2445213f5386a7/B_Design_auto_pc_0_sim_netlist.vhdl to c:/Users/lotto/Desktop/Consegna/Block_Design/Block_Design.gen/sources_1/bd/B_Design/ip/B_Design_auto_pc_0/B_Design_auto_pc_0_sim_netlist.vhdl.
INFO: [IP_Flow 19-6926] IPCACHE: added file to list for BOM: c:/Users/lotto/Desktop/Consegna/Block_Design/Block_Design.gen/sources_1/bd/B_Design/ip/B_Design_auto_pc_0/B_Design_auto_pc_0_sim_netlist.vhdl
INFO: [IP_Flow 19-6928] IPCACHE: copied cached file c:/Users/lotto/Desktop/Consegna/Block_Design/Block_Design.cache/ip/2023.1/7/b/7b2445213f5386a7/B_Design_auto_pc_0_stub.v to c:/Users/lotto/Desktop/Consegna/Block_Design/Block_Design.gen/sources_1/bd/B_Design/ip/B_Design_auto_pc_0/B_Design_auto_pc_0_stub.v.
INFO: [IP_Flow 19-6926] IPCACHE: added file to list for BOM: c:/Users/lotto/Desktop/Consegna/Block_Design/Block_Design.gen/sources_1/bd/B_Design/ip/B_Design_auto_pc_0/B_Design_auto_pc_0_stub.v
INFO: [IP_Flow 19-6928] IPCACHE: copied cached file c:/Users/lotto/Desktop/Consegna/Block_Design/Block_Design.cache/ip/2023.1/7/b/7b2445213f5386a7/B_Design_auto_pc_0_stub.vhdl to c:/Users/lotto/Desktop/Consegna/Block_Design/Block_Design.gen/sources_1/bd/B_Design/ip/B_Design_auto_pc_0/B_Design_auto_pc_0_stub.vhdl.
INFO: [IP_Flow 19-6926] IPCACHE: added file to list for BOM: c:/Users/lotto/Desktop/Consegna/Block_Design/Block_Design.gen/sources_1/bd/B_Design/ip/B_Design_auto_pc_0/B_Design_auto_pc_0_stub.vhdl
INFO: [IP_Flow 19-4993] Using cached IP synthesis design for IP B_Design_auto_pc_0, cache-ID = 7b2445213f5386a7; cache size = 77.248 MB.
INFO: [IP_Flow 19-6924] IPCACHE: Running cache check for IP inst: B_Design_auto_pc_1
INFO: [IP_Flow 19-6922] IPCACHE: Exporting cached entry faae40776540eac9 to dir: c:/Users/lotto/Desktop/Consegna/Block_Design/Block_Design.gen/sources_1/bd/B_Design/ip/B_Design_auto_pc_1
INFO: [IP_Flow 19-6928] IPCACHE: copied cached file c:/Users/lotto/Desktop/Consegna/Block_Design/Block_Design.cache/ip/2023.1/f/a/faae40776540eac9/B_Design_auto_pc_1.dcp to c:/Users/lotto/Desktop/Consegna/Block_Design/Block_Design.gen/sources_1/bd/B_Design/ip/B_Design_auto_pc_1/B_Design_auto_pc_1.dcp.
INFO: [IP_Flow 19-6926] IPCACHE: added file to list for BOM: c:/Users/lotto/Desktop/Consegna/Block_Design/Block_Design.gen/sources_1/bd/B_Design/ip/B_Design_auto_pc_1/B_Design_auto_pc_1.dcp
INFO: [IP_Flow 19-6928] IPCACHE: copied cached file c:/Users/lotto/Desktop/Consegna/Block_Design/Block_Design.cache/ip/2023.1/f/a/faae40776540eac9/B_Design_auto_pc_1_sim_netlist.v to c:/Users/lotto/Desktop/Consegna/Block_Design/Block_Design.gen/sources_1/bd/B_Design/ip/B_Design_auto_pc_1/B_Design_auto_pc_1_sim_netlist.v.
INFO: [IP_Flow 19-6926] IPCACHE: added file to list for BOM: c:/Users/lotto/Desktop/Consegna/Block_Design/Block_Design.gen/sources_1/bd/B_Design/ip/B_Design_auto_pc_1/B_Design_auto_pc_1_sim_netlist.v
INFO: [IP_Flow 19-6928] IPCACHE: copied cached file c:/Users/lotto/Desktop/Consegna/Block_Design/Block_Design.cache/ip/2023.1/f/a/faae40776540eac9/B_Design_auto_pc_1_sim_netlist.vhdl to c:/Users/lotto/Desktop/Consegna/Block_Design/Block_Design.gen/sources_1/bd/B_Design/ip/B_Design_auto_pc_1/B_Design_auto_pc_1_sim_netlist.vhdl.
INFO: [IP_Flow 19-6926] IPCACHE: added file to list for BOM: c:/Users/lotto/Desktop/Consegna/Block_Design/Block_Design.gen/sources_1/bd/B_Design/ip/B_Design_auto_pc_1/B_Design_auto_pc_1_sim_netlist.vhdl
INFO: [IP_Flow 19-6928] IPCACHE: copied cached file c:/Users/lotto/Desktop/Consegna/Block_Design/Block_Design.cache/ip/2023.1/f/a/faae40776540eac9/B_Design_auto_pc_1_stub.v to c:/Users/lotto/Desktop/Consegna/Block_Design/Block_Design.gen/sources_1/bd/B_Design/ip/B_Design_auto_pc_1/B_Design_auto_pc_1_stub.v.
INFO: [IP_Flow 19-6926] IPCACHE: added file to list for BOM: c:/Users/lotto/Desktop/Consegna/Block_Design/Block_Design.gen/sources_1/bd/B_Design/ip/B_Design_auto_pc_1/B_Design_auto_pc_1_stub.v
INFO: [IP_Flow 19-6928] IPCACHE: copied cached file c:/Users/lotto/Desktop/Consegna/Block_Design/Block_Design.cache/ip/2023.1/f/a/faae40776540eac9/B_Design_auto_pc_1_stub.vhdl to c:/Users/lotto/Desktop/Consegna/Block_Design/Block_Design.gen/sources_1/bd/B_Design/ip/B_Design_auto_pc_1/B_Design_auto_pc_1_stub.vhdl.
INFO: [IP_Flow 19-6926] IPCACHE: added file to list for BOM: c:/Users/lotto/Desktop/Consegna/Block_Design/Block_Design.gen/sources_1/bd/B_Design/ip/B_Design_auto_pc_1/B_Design_auto_pc_1_stub.vhdl
INFO: [IP_Flow 19-4993] Using cached IP synthesis design for IP B_Design_auto_pc_1, cache-ID = faae40776540eac9; cache size = 77.249 MB.
INFO: [IP_Flow 19-6924] IPCACHE: Running cache check for IP inst: B_Design_auto_us_0
INFO: [IP_Flow 19-6922] IPCACHE: Exporting cached entry a22d275b6f013a8d to dir: c:/Users/lotto/Desktop/Consegna/Block_Design/Block_Design.gen/sources_1/bd/B_Design/ip/B_Design_auto_us_0
INFO: [IP_Flow 19-6928] IPCACHE: copied cached file c:/Users/lotto/Desktop/Consegna/Block_Design/Block_Design.cache/ip/2023.1/a/2/a22d275b6f013a8d/B_Design_auto_us_0.dcp to c:/Users/lotto/Desktop/Consegna/Block_Design/Block_Design.gen/sources_1/bd/B_Design/ip/B_Design_auto_us_0/B_Design_auto_us_0.dcp.
INFO: [IP_Flow 19-6926] IPCACHE: added file to list for BOM: c:/Users/lotto/Desktop/Consegna/Block_Design/Block_Design.gen/sources_1/bd/B_Design/ip/B_Design_auto_us_0/B_Design_auto_us_0.dcp
INFO: [IP_Flow 19-6928] IPCACHE: copied cached file c:/Users/lotto/Desktop/Consegna/Block_Design/Block_Design.cache/ip/2023.1/a/2/a22d275b6f013a8d/B_Design_auto_us_0_sim_netlist.v to c:/Users/lotto/Desktop/Consegna/Block_Design/Block_Design.gen/sources_1/bd/B_Design/ip/B_Design_auto_us_0/B_Design_auto_us_0_sim_netlist.v.
INFO: [IP_Flow 19-6926] IPCACHE: added file to list for BOM: c:/Users/lotto/Desktop/Consegna/Block_Design/Block_Design.gen/sources_1/bd/B_Design/ip/B_Design_auto_us_0/B_Design_auto_us_0_sim_netlist.v
INFO: [IP_Flow 19-6928] IPCACHE: copied cached file c:/Users/lotto/Desktop/Consegna/Block_Design/Block_Design.cache/ip/2023.1/a/2/a22d275b6f013a8d/B_Design_auto_us_0_sim_netlist.vhdl to c:/Users/lotto/Desktop/Consegna/Block_Design/Block_Design.gen/sources_1/bd/B_Design/ip/B_Design_auto_us_0/B_Design_auto_us_0_sim_netlist.vhdl.
INFO: [IP_Flow 19-6926] IPCACHE: added file to list for BOM: c:/Users/lotto/Desktop/Consegna/Block_Design/Block_Design.gen/sources_1/bd/B_Design/ip/B_Design_auto_us_0/B_Design_auto_us_0_sim_netlist.vhdl
INFO: [IP_Flow 19-6928] IPCACHE: copied cached file c:/Users/lotto/Desktop/Consegna/Block_Design/Block_Design.cache/ip/2023.1/a/2/a22d275b6f013a8d/B_Design_auto_us_0_stub.v to c:/Users/lotto/Desktop/Consegna/Block_Design/Block_Design.gen/sources_1/bd/B_Design/ip/B_Design_auto_us_0/B_Design_auto_us_0_stub.v.
INFO: [IP_Flow 19-6926] IPCACHE: added file to list for BOM: c:/Users/lotto/Desktop/Consegna/Block_Design/Block_Design.gen/sources_1/bd/B_Design/ip/B_Design_auto_us_0/B_Design_auto_us_0_stub.v
INFO: [IP_Flow 19-6928] IPCACHE: copied cached file c:/Users/lotto/Desktop/Consegna/Block_Design/Block_Design.cache/ip/2023.1/a/2/a22d275b6f013a8d/B_Design_auto_us_0_stub.vhdl to c:/Users/lotto/Desktop/Consegna/Block_Design/Block_Design.gen/sources_1/bd/B_Design/ip/B_Design_auto_us_0/B_Design_auto_us_0_stub.vhdl.
INFO: [IP_Flow 19-6926] IPCACHE: added file to list for BOM: c:/Users/lotto/Desktop/Consegna/Block_Design/Block_Design.gen/sources_1/bd/B_Design/ip/B_Design_auto_us_0/B_Design_auto_us_0_stub.vhdl
INFO: [IP_Flow 19-4993] Using cached IP synthesis design for IP B_Design_auto_us_0, cache-ID = a22d275b6f013a8d; cache size = 77.249 MB.
INFO: [IP_Flow 19-6924] IPCACHE: Running cache check for IP inst: B_Design_auto_us_1
INFO: [IP_Flow 19-6922] IPCACHE: Exporting cached entry 020be2627189d465 to dir: c:/Users/lotto/Desktop/Consegna/Block_Design/Block_Design.gen/sources_1/bd/B_Design/ip/B_Design_auto_us_1
INFO: [IP_Flow 19-6928] IPCACHE: copied cached file c:/Users/lotto/Desktop/Consegna/Block_Design/Block_Design.cache/ip/2023.1/0/2/020be2627189d465/B_Design_auto_us_1.dcp to c:/Users/lotto/Desktop/Consegna/Block_Design/Block_Design.gen/sources_1/bd/B_Design/ip/B_Design_auto_us_1/B_Design_auto_us_1.dcp.
INFO: [IP_Flow 19-6926] IPCACHE: added file to list for BOM: c:/Users/lotto/Desktop/Consegna/Block_Design/Block_Design.gen/sources_1/bd/B_Design/ip/B_Design_auto_us_1/B_Design_auto_us_1.dcp
INFO: [IP_Flow 19-6928] IPCACHE: copied cached file c:/Users/lotto/Desktop/Consegna/Block_Design/Block_Design.cache/ip/2023.1/0/2/020be2627189d465/B_Design_auto_us_1_sim_netlist.v to c:/Users/lotto/Desktop/Consegna/Block_Design/Block_Design.gen/sources_1/bd/B_Design/ip/B_Design_auto_us_1/B_Design_auto_us_1_sim_netlist.v.
INFO: [IP_Flow 19-6926] IPCACHE: added file to list for BOM: c:/Users/lotto/Desktop/Consegna/Block_Design/Block_Design.gen/sources_1/bd/B_Design/ip/B_Design_auto_us_1/B_Design_auto_us_1_sim_netlist.v
INFO: [IP_Flow 19-6928] IPCACHE: copied cached file c:/Users/lotto/Desktop/Consegna/Block_Design/Block_Design.cache/ip/2023.1/0/2/020be2627189d465/B_Design_auto_us_1_sim_netlist.vhdl to c:/Users/lotto/Desktop/Consegna/Block_Design/Block_Design.gen/sources_1/bd/B_Design/ip/B_Design_auto_us_1/B_Design_auto_us_1_sim_netlist.vhdl.
INFO: [IP_Flow 19-6926] IPCACHE: added file to list for BOM: c:/Users/lotto/Desktop/Consegna/Block_Design/Block_Design.gen/sources_1/bd/B_Design/ip/B_Design_auto_us_1/B_Design_auto_us_1_sim_netlist.vhdl
INFO: [IP_Flow 19-6928] IPCACHE: copied cached file c:/Users/lotto/Desktop/Consegna/Block_Design/Block_Design.cache/ip/2023.1/0/2/020be2627189d465/B_Design_auto_us_1_stub.v to c:/Users/lotto/Desktop/Consegna/Block_Design/Block_Design.gen/sources_1/bd/B_Design/ip/B_Design_auto_us_1/B_Design_auto_us_1_stub.v.
INFO: [IP_Flow 19-6926] IPCACHE: added file to list for BOM: c:/Users/lotto/Desktop/Consegna/Block_Design/Block_Design.gen/sources_1/bd/B_Design/ip/B_Design_auto_us_1/B_Design_auto_us_1_stub.v
INFO: [IP_Flow 19-6928] IPCACHE: copied cached file c:/Users/lotto/Desktop/Consegna/Block_Design/Block_Design.cache/ip/2023.1/0/2/020be2627189d465/B_Design_auto_us_1_stub.vhdl to c:/Users/lotto/Desktop/Consegna/Block_Design/Block_Design.gen/sources_1/bd/B_Design/ip/B_Design_auto_us_1/B_Design_auto_us_1_stub.vhdl.
INFO: [IP_Flow 19-6926] IPCACHE: added file to list for BOM: c:/Users/lotto/Desktop/Consegna/Block_Design/Block_Design.gen/sources_1/bd/B_Design/ip/B_Design_auto_us_1/B_Design_auto_us_1_stub.vhdl
INFO: [IP_Flow 19-4993] Using cached IP synthesis design for IP B_Design_auto_us_1, cache-ID = 020be2627189d465; cache size = 77.249 MB.
INFO: [IP_Flow 19-6924] IPCACHE: Running cache check for IP inst: B_Design_axi_dma_0_0
INFO: [IP_Flow 19-6922] IPCACHE: Exporting cached entry 9e52a6839d413b51 to dir: c:/Users/lotto/Desktop/Consegna/Block_Design/Block_Design.gen/sources_1/bd/B_Design/ip/B_Design_axi_dma_0_0
INFO: [IP_Flow 19-6928] IPCACHE: copied cached file c:/Users/lotto/Desktop/Consegna/Block_Design/Block_Design.cache/ip/2023.1/9/e/9e52a6839d413b51/B_Design_axi_dma_0_0.dcp to c:/Users/lotto/Desktop/Consegna/Block_Design/Block_Design.gen/sources_1/bd/B_Design/ip/B_Design_axi_dma_0_0/B_Design_axi_dma_0_0.dcp.
INFO: [IP_Flow 19-6926] IPCACHE: added file to list for BOM: c:/Users/lotto/Desktop/Consegna/Block_Design/Block_Design.gen/sources_1/bd/B_Design/ip/B_Design_axi_dma_0_0/B_Design_axi_dma_0_0.dcp
INFO: [IP_Flow 19-6928] IPCACHE: copied cached file c:/Users/lotto/Desktop/Consegna/Block_Design/Block_Design.cache/ip/2023.1/9/e/9e52a6839d413b51/B_Design_axi_dma_0_0_sim_netlist.v to c:/Users/lotto/Desktop/Consegna/Block_Design/Block_Design.gen/sources_1/bd/B_Design/ip/B_Design_axi_dma_0_0/B_Design_axi_dma_0_0_sim_netlist.v.
INFO: [IP_Flow 19-6926] IPCACHE: added file to list for BOM: c:/Users/lotto/Desktop/Consegna/Block_Design/Block_Design.gen/sources_1/bd/B_Design/ip/B_Design_axi_dma_0_0/B_Design_axi_dma_0_0_sim_netlist.v
INFO: [IP_Flow 19-6928] IPCACHE: copied cached file c:/Users/lotto/Desktop/Consegna/Block_Design/Block_Design.cache/ip/2023.1/9/e/9e52a6839d413b51/B_Design_axi_dma_0_0_sim_netlist.vhdl to c:/Users/lotto/Desktop/Consegna/Block_Design/Block_Design.gen/sources_1/bd/B_Design/ip/B_Design_axi_dma_0_0/B_Design_axi_dma_0_0_sim_netlist.vhdl.
INFO: [IP_Flow 19-6926] IPCACHE: added file to list for BOM: c:/Users/lotto/Desktop/Consegna/Block_Design/Block_Design.gen/sources_1/bd/B_Design/ip/B_Design_axi_dma_0_0/B_Design_axi_dma_0_0_sim_netlist.vhdl
INFO: [IP_Flow 19-6928] IPCACHE: copied cached file c:/Users/lotto/Desktop/Consegna/Block_Design/Block_Design.cache/ip/2023.1/9/e/9e52a6839d413b51/B_Design_axi_dma_0_0_stub.v to c:/Users/lotto/Desktop/Consegna/Block_Design/Block_Design.gen/sources_1/bd/B_Design/ip/B_Design_axi_dma_0_0/B_Design_axi_dma_0_0_stub.v.
INFO: [IP_Flow 19-6926] IPCACHE: added file to list for BOM: c:/Users/lotto/Desktop/Consegna/Block_Design/Block_Design.gen/sources_1/bd/B_Design/ip/B_Design_axi_dma_0_0/B_Design_axi_dma_0_0_stub.v
INFO: [IP_Flow 19-6928] IPCACHE: copied cached file c:/Users/lotto/Desktop/Consegna/Block_Design/Block_Design.cache/ip/2023.1/9/e/9e52a6839d413b51/B_Design_axi_dma_0_0_stub.vhdl to c:/Users/lotto/Desktop/Consegna/Block_Design/Block_Design.gen/sources_1/bd/B_Design/ip/B_Design_axi_dma_0_0/B_Design_axi_dma_0_0_stub.vhdl.
INFO: [IP_Flow 19-6926] IPCACHE: added file to list for BOM: c:/Users/lotto/Desktop/Consegna/Block_Design/Block_Design.gen/sources_1/bd/B_Design/ip/B_Design_axi_dma_0_0/B_Design_axi_dma_0_0_stub.vhdl
INFO: [IP_Flow 19-4993] Using cached IP synthesis design for IP B_Design_axi_dma_0_0, cache-ID = 9e52a6839d413b51; cache size = 77.249 MB.
INFO: [IP_Flow 19-6924] IPCACHE: Running cache check for IP inst: B_Design_rst_ps7_0_0M_0
INFO: [IP_Flow 19-6922] IPCACHE: Exporting cached entry 7ee7f78a44b1dcb8 to dir: c:/Users/lotto/Desktop/Consegna/Block_Design/Block_Design.gen/sources_1/bd/B_Design/ip/B_Design_rst_ps7_0_0M_0
INFO: [IP_Flow 19-6928] IPCACHE: copied cached file c:/Users/lotto/Desktop/Consegna/Block_Design/Block_Design.cache/ip/2023.1/7/e/7ee7f78a44b1dcb8/B_Design_rst_ps7_0_0M_0.dcp to c:/Users/lotto/Desktop/Consegna/Block_Design/Block_Design.gen/sources_1/bd/B_Design/ip/B_Design_rst_ps7_0_0M_0/B_Design_rst_ps7_0_0M_0.dcp.
INFO: [IP_Flow 19-6926] IPCACHE: added file to list for BOM: c:/Users/lotto/Desktop/Consegna/Block_Design/Block_Design.gen/sources_1/bd/B_Design/ip/B_Design_rst_ps7_0_0M_0/B_Design_rst_ps7_0_0M_0.dcp
INFO: [IP_Flow 19-6928] IPCACHE: copied cached file c:/Users/lotto/Desktop/Consegna/Block_Design/Block_Design.cache/ip/2023.1/7/e/7ee7f78a44b1dcb8/B_Design_rst_ps7_0_0M_0_sim_netlist.v to c:/Users/lotto/Desktop/Consegna/Block_Design/Block_Design.gen/sources_1/bd/B_Design/ip/B_Design_rst_ps7_0_0M_0/B_Design_rst_ps7_0_0M_0_sim_netlist.v.
INFO: [IP_Flow 19-6926] IPCACHE: added file to list for BOM: c:/Users/lotto/Desktop/Consegna/Block_Design/Block_Design.gen/sources_1/bd/B_Design/ip/B_Design_rst_ps7_0_0M_0/B_Design_rst_ps7_0_0M_0_sim_netlist.v
INFO: [IP_Flow 19-6928] IPCACHE: copied cached file c:/Users/lotto/Desktop/Consegna/Block_Design/Block_Design.cache/ip/2023.1/7/e/7ee7f78a44b1dcb8/B_Design_rst_ps7_0_0M_0_sim_netlist.vhdl to c:/Users/lotto/Desktop/Consegna/Block_Design/Block_Design.gen/sources_1/bd/B_Design/ip/B_Design_rst_ps7_0_0M_0/B_Design_rst_ps7_0_0M_0_sim_netlist.vhdl.
INFO: [IP_Flow 19-6926] IPCACHE: added file to list for BOM: c:/Users/lotto/Desktop/Consegna/Block_Design/Block_Design.gen/sources_1/bd/B_Design/ip/B_Design_rst_ps7_0_0M_0/B_Design_rst_ps7_0_0M_0_sim_netlist.vhdl
INFO: [IP_Flow 19-6928] IPCACHE: copied cached file c:/Users/lotto/Desktop/Consegna/Block_Design/Block_Design.cache/ip/2023.1/7/e/7ee7f78a44b1dcb8/B_Design_rst_ps7_0_0M_0_stub.v to c:/Users/lotto/Desktop/Consegna/Block_Design/Block_Design.gen/sources_1/bd/B_Design/ip/B_Design_rst_ps7_0_0M_0/B_Design_rst_ps7_0_0M_0_stub.v.
INFO: [IP_Flow 19-6926] IPCACHE: added file to list for BOM: c:/Users/lotto/Desktop/Consegna/Block_Design/Block_Design.gen/sources_1/bd/B_Design/ip/B_Design_rst_ps7_0_0M_0/B_Design_rst_ps7_0_0M_0_stub.v
INFO: [IP_Flow 19-6928] IPCACHE: copied cached file c:/Users/lotto/Desktop/Consegna/Block_Design/Block_Design.cache/ip/2023.1/7/e/7ee7f78a44b1dcb8/B_Design_rst_ps7_0_0M_0_stub.vhdl to c:/Users/lotto/Desktop/Consegna/Block_Design/Block_Design.gen/sources_1/bd/B_Design/ip/B_Design_rst_ps7_0_0M_0/B_Design_rst_ps7_0_0M_0_stub.vhdl.
INFO: [IP_Flow 19-6926] IPCACHE: added file to list for BOM: c:/Users/lotto/Desktop/Consegna/Block_Design/Block_Design.gen/sources_1/bd/B_Design/ip/B_Design_rst_ps7_0_0M_0/B_Design_rst_ps7_0_0M_0_stub.vhdl
INFO: [IP_Flow 19-4993] Using cached IP synthesis design for IP B_Design_rst_ps7_0_0M_0, cache-ID = 7ee7f78a44b1dcb8; cache size = 77.249 MB.
INFO: [IP_Flow 19-6924] IPCACHE: Running cache check for IP inst: B_Design_xbar_0
INFO: [IP_Flow 19-6922] IPCACHE: Exporting cached entry 375b2bca87bf0132 to dir: c:/Users/lotto/Desktop/Consegna/Block_Design/Block_Design.gen/sources_1/bd/B_Design/ip/B_Design_xbar_0
INFO: [IP_Flow 19-6928] IPCACHE: copied cached file c:/Users/lotto/Desktop/Consegna/Block_Design/Block_Design.cache/ip/2023.1/3/7/375b2bca87bf0132/B_Design_xbar_0.dcp to c:/Users/lotto/Desktop/Consegna/Block_Design/Block_Design.gen/sources_1/bd/B_Design/ip/B_Design_xbar_0/B_Design_xbar_0.dcp.
INFO: [IP_Flow 19-6926] IPCACHE: added file to list for BOM: c:/Users/lotto/Desktop/Consegna/Block_Design/Block_Design.gen/sources_1/bd/B_Design/ip/B_Design_xbar_0/B_Design_xbar_0.dcp
INFO: [IP_Flow 19-6928] IPCACHE: copied cached file c:/Users/lotto/Desktop/Consegna/Block_Design/Block_Design.cache/ip/2023.1/3/7/375b2bca87bf0132/B_Design_xbar_0_sim_netlist.v to c:/Users/lotto/Desktop/Consegna/Block_Design/Block_Design.gen/sources_1/bd/B_Design/ip/B_Design_xbar_0/B_Design_xbar_0_sim_netlist.v.
INFO: [IP_Flow 19-6926] IPCACHE: added file to list for BOM: c:/Users/lotto/Desktop/Consegna/Block_Design/Block_Design.gen/sources_1/bd/B_Design/ip/B_Design_xbar_0/B_Design_xbar_0_sim_netlist.v
INFO: [IP_Flow 19-6928] IPCACHE: copied cached file c:/Users/lotto/Desktop/Consegna/Block_Design/Block_Design.cache/ip/2023.1/3/7/375b2bca87bf0132/B_Design_xbar_0_sim_netlist.vhdl to c:/Users/lotto/Desktop/Consegna/Block_Design/Block_Design.gen/sources_1/bd/B_Design/ip/B_Design_xbar_0/B_Design_xbar_0_sim_netlist.vhdl.
INFO: [IP_Flow 19-6926] IPCACHE: added file to list for BOM: c:/Users/lotto/Desktop/Consegna/Block_Design/Block_Design.gen/sources_1/bd/B_Design/ip/B_Design_xbar_0/B_Design_xbar_0_sim_netlist.vhdl
INFO: [IP_Flow 19-6928] IPCACHE: copied cached file c:/Users/lotto/Desktop/Consegna/Block_Design/Block_Design.cache/ip/2023.1/3/7/375b2bca87bf0132/B_Design_xbar_0_stub.v to c:/Users/lotto/Desktop/Consegna/Block_Design/Block_Design.gen/sources_1/bd/B_Design/ip/B_Design_xbar_0/B_Design_xbar_0_stub.v.
INFO: [IP_Flow 19-6926] IPCACHE: added file to list for BOM: c:/Users/lotto/Desktop/Consegna/Block_Design/Block_Design.gen/sources_1/bd/B_Design/ip/B_Design_xbar_0/B_Design_xbar_0_stub.v
INFO: [IP_Flow 19-6928] IPCACHE: copied cached file c:/Users/lotto/Desktop/Consegna/Block_Design/Block_Design.cache/ip/2023.1/3/7/375b2bca87bf0132/B_Design_xbar_0_stub.vhdl to c:/Users/lotto/Desktop/Consegna/Block_Design/Block_Design.gen/sources_1/bd/B_Design/ip/B_Design_xbar_0/B_Design_xbar_0_stub.vhdl.
INFO: [IP_Flow 19-6926] IPCACHE: added file to list for BOM: c:/Users/lotto/Desktop/Consegna/Block_Design/Block_Design.gen/sources_1/bd/B_Design/ip/B_Design_xbar_0/B_Design_xbar_0_stub.vhdl
INFO: [IP_Flow 19-4993] Using cached IP synthesis design for IP B_Design_xbar_0, cache-ID = 375b2bca87bf0132; cache size = 77.249 MB.
[Mon Feb 12 20:19:42 2024] Launched B_Design_processing_system7_0_0_synth_1, synth_1...
Run output will be captured here:
B_Design_processing_system7_0_0_synth_1: C:/Users/lotto/Desktop/Consegna/Block_Design/Block_Design.runs/B_Design_processing_system7_0_0_synth_1/runme.log
synth_1: C:/Users/lotto/Desktop/Consegna/Block_Design/Block_Design.runs/synth_1/runme.log
[Mon Feb 12 20:19:42 2024] Launched impl_1...
Run output will be captured here: C:/Users/lotto/Desktop/Consegna/Block_Design/Block_Design.runs/impl_1/runme.log
launch_runs: Time (s): cpu = 00:00:10 ; elapsed = 00:00:28 . Memory (MB): peak = 1961.199 ; gain = 313.469
open_run impl_1
INFO: [Device 21-403] Loading part xc7z020clg400-1
Netlist sorting complete. Time (s): cpu = 00:00:00 ; elapsed = 00:00:00.377 . Memory (MB): peak = 2176.273 ; gain = 0.000
INFO: [Netlist 29-17] Analyzing 4073 Unisim elements for replacement
INFO: [Netlist 29-28] Unisim Transformation completed in 0 CPU seconds
INFO: [Project 1-479] Netlist was created with Vivado 2023.1
INFO: [Project 1-570] Preparing netlist for logic optimization
INFO: [Timing 38-478] Restoring timing data from binary archive.
INFO: [Timing 38-479] Binary timing data restore complete.
INFO: [Project 1-856] Restoring constraints from binary archive.
INFO: [Project 1-853] Binary constraint restore complete.
Reading XDEF placement.
Reading placer database...
Reading XDEF routing.
Read XDEF Files: Time (s): cpu = 00:00:02 ; elapsed = 00:00:04 . Memory (MB): peak = 3047.586 ; gain = 59.484
Restored from archive | CPU: 2.000000 secs | Memory: 0.000000 MB |
Finished XDEF File Restore: Time (s): cpu = 00:00:02 ; elapsed = 00:00:04 . Memory (MB): peak = 3047.586 ; gain = 59.484
Netlist sorting complete. Time (s): cpu = 00:00:00 ; elapsed = 00:00:00.009 . Memory (MB): peak = 3047.586 ; gain = 0.000
INFO: [Project 1-111] Unisim Transformation Summary:
  A total of 8 instances were transformed.
  RAM32M => RAM32M (RAMD32(x6), RAMS32(x2)): 4 instances
  RAM32X1D => RAM32X1D (RAMD32(x2)): 1 instance 
  SRLC32E => SRL16E: 3 instances

open_run: Time (s): cpu = 00:00:06 ; elapsed = 00:00:17 . Memory (MB): peak = 3194.332 ; gain = 1229.859
exit
INFO: [Common 17-206] Exiting Vivado at Mon Feb 12 20:46:28 2024...
