
*** Running vivado
    with args -log B_Design_AXI_MERGE_v1_0_0_0.vds -m64 -product Vivado -mode batch -messageDb vivado.pb -notrace -source B_Design_AXI_MERGE_v1_0_0_0.tcl


ECHO disattivato.
ECHO disattivato.

****** Vivado v2023.1 (64-bit)
  **** SW Build 3865809 on Sun May  7 15:05:29 MDT 2023
  **** IP Build 3864474 on Sun May  7 20:36:21 MDT 2023
  **** SharedData Build 3865790 on Sun May 07 13:33:03 MDT 2023
    ** Copyright 1986-2022 Xilinx, Inc. All Rights Reserved.
    ** Copyright 2022-2023 Advanced Micro Devices, Inc. All Rights Reserved.

source B_Design_AXI_MERGE_v1_0_0_0.tcl -notrace
create_project: Time (s): cpu = 00:00:03 ; elapsed = 00:00:06 . Memory (MB): peak = 441.391 ; gain = 165.453
INFO: [IP_Flow 19-234] Refreshing IP repositories
INFO: [IP_Flow 19-1700] Loaded user IP repository 'c:/Users/lotto/Desktop/Consegna/ip_repo'.
INFO: [IP_Flow 19-2313] Loaded Vivado IP repository 'C:/Xilinx/Vivado/2023.1/data/ip'.
INFO: [IP_Flow 19-6924] IPCACHE: Running cache check for IP inst: B_Design_AXI_MERGE_v1_0_0_0
Command: synth_design -top B_Design_AXI_MERGE_v1_0_0_0 -part xc7z020clg400-1 -incremental_mode off -mode out_of_context
Starting synth_design
Attempting to get a license for feature 'Synthesis' and/or device 'xc7z020'
INFO: [Common 17-349] Got license for feature 'Synthesis' and/or device 'xc7z020'
INFO: [Device 21-403] Loading part xc7z020clg400-1
INFO: [Synth 8-7079] Multithreading enabled for synth_design using a maximum of 2 processes.
INFO: [Synth 8-7078] Launching helper process for spawning children vivado processes
INFO: [Synth 8-7075] Helper process launched with PID 13280
---------------------------------------------------------------------------------
Starting RTL Elaboration : Time (s): cpu = 00:00:03 ; elapsed = 00:00:09 . Memory (MB): peak = 1293.117 ; gain = 411.316
---------------------------------------------------------------------------------
INFO: [Synth 8-638] synthesizing module 'B_Design_AXI_MERGE_v1_0_0_0' [c:/Users/lotto/Desktop/Consegna/Block_Design/Block_Design.gen/sources_1/bd/B_Design/ip/B_Design_AXI_MERGE_v1_0_0_0/synth/B_Design_AXI_MERGE_v1_0_0_0.vhd:75]
	Parameter C_S00_AXIS_TDATA_WIDTH bound to: 32 - type: integer 
	Parameter C_M00_AXIS_TDATA_WIDTH bound to: 32 - type: integer 
	Parameter C_M00_AXIS_START_COUNT bound to: 64 - type: integer 
INFO: [Synth 8-3491] module 'AXI_MERGE_v1_0' declared at 'c:/Users/lotto/Desktop/Consegna/Block_Design/Block_Design.gen/sources_1/bd/B_Design/ipshared/ec29/src/AXI_MERGE_v1_0.vhd:5' bound to instance 'U0' of component 'AXI_MERGE_v1_0' [c:/Users/lotto/Desktop/Consegna/Block_Design/Block_Design.gen/sources_1/bd/B_Design/ip/B_Design_AXI_MERGE_v1_0_0_0/synth/B_Design_AXI_MERGE_v1_0_0_0.vhd:132]
INFO: [Synth 8-638] synthesizing module 'AXI_MERGE_v1_0' [c:/Users/lotto/Desktop/Consegna/Block_Design/Block_Design.gen/sources_1/bd/B_Design/ipshared/ec29/src/AXI_MERGE_v1_0.vhd:47]
	Parameter C_S_AXIS_TDATA_WIDTH bound to: 32 - type: integer 
INFO: [Synth 8-3491] module 'AXI_MERGE_v1_0_AXI_SLAVE' declared at 'c:/Users/lotto/Desktop/Consegna/Block_Design/Block_Design.gen/sources_1/bd/B_Design/ipshared/ec29/src/AXI_MERGE_v1_0_AXI_SLAVE.vhd:5' bound to instance 'myip_v1_0_S00_AXIS_inst' of component 'AXI_MERGE_v1_0_AXI_SLAVE' [c:/Users/lotto/Desktop/Consegna/Block_Design/Block_Design.gen/sources_1/bd/B_Design/ipshared/ec29/src/AXI_MERGE_v1_0.vhd:178]
INFO: [Synth 8-638] synthesizing module 'AXI_MERGE_v1_0_AXI_SLAVE' [c:/Users/lotto/Desktop/Consegna/Block_Design/Block_Design.gen/sources_1/bd/B_Design/ipshared/ec29/src/AXI_MERGE_v1_0_AXI_SLAVE.vhd:39]
INFO: [Synth 8-226] default block is never used [c:/Users/lotto/Desktop/Consegna/Block_Design/Block_Design.gen/sources_1/bd/B_Design/ipshared/ec29/src/AXI_MERGE_v1_0_AXI_SLAVE.vhd:100]
INFO: [Synth 8-256] done synthesizing module 'AXI_MERGE_v1_0_AXI_SLAVE' (0#1) [c:/Users/lotto/Desktop/Consegna/Block_Design/Block_Design.gen/sources_1/bd/B_Design/ipshared/ec29/src/AXI_MERGE_v1_0_AXI_SLAVE.vhd:39]
INFO: [Synth 8-3491] module 'Merge_Sort' declared at 'c:/Users/lotto/Desktop/Consegna/Block_Design/Block_Design.gen/sources_1/bd/B_Design/ipshared/ec29/src/Merge_Sort.vhd:5' bound to instance 'Merge_inst' of component 'Merge_Sort' [c:/Users/lotto/Desktop/Consegna/Block_Design/Block_Design.gen/sources_1/bd/B_Design/ipshared/ec29/src/AXI_MERGE_v1_0.vhd:214]
INFO: [Synth 8-638] synthesizing module 'Merge_Sort' [c:/Users/lotto/Desktop/Consegna/Block_Design/Block_Design.gen/sources_1/bd/B_Design/ipshared/ec29/src/Merge_Sort.vhd:26]
INFO: [Synth 8-3491] module 'reg' declared at 'c:/Users/lotto/Desktop/Consegna/Block_Design/Block_Design.gen/sources_1/bd/B_Design/ipshared/ec29/src/reg.vhd:34' bound to instance 'Register_init' of component 'reg' [c:/Users/lotto/Desktop/Consegna/Block_Design/Block_Design.gen/sources_1/bd/B_Design/ipshared/ec29/src/Merge_Sort.vhd:84]
INFO: [Synth 8-638] synthesizing module '\reg ' [c:/Users/lotto/Desktop/Consegna/Block_Design/Block_Design.gen/sources_1/bd/B_Design/ipshared/ec29/src/reg.vhd:43]
INFO: [Synth 8-256] done synthesizing module '\reg ' (0#1) [c:/Users/lotto/Desktop/Consegna/Block_Design/Block_Design.gen/sources_1/bd/B_Design/ipshared/ec29/src/reg.vhd:43]
INFO: [Synth 8-3491] module 'reg' declared at 'c:/Users/lotto/Desktop/Consegna/Block_Design/Block_Design.gen/sources_1/bd/B_Design/ipshared/ec29/src/reg.vhd:34' bound to instance 'Register_others' of component 'reg' [c:/Users/lotto/Desktop/Consegna/Block_Design/Block_Design.gen/sources_1/bd/B_Design/ipshared/ec29/src/Merge_Sort.vhd:95]
INFO: [Synth 8-3491] module 'reg' declared at 'c:/Users/lotto/Desktop/Consegna/Block_Design/Block_Design.gen/sources_1/bd/B_Design/ipshared/ec29/src/reg.vhd:34' bound to instance 'Register_others' of component 'reg' [c:/Users/lotto/Desktop/Consegna/Block_Design/Block_Design.gen/sources_1/bd/B_Design/ipshared/ec29/src/Merge_Sort.vhd:95]
INFO: [Synth 8-3491] module 'reg' declared at 'c:/Users/lotto/Desktop/Consegna/Block_Design/Block_Design.gen/sources_1/bd/B_Design/ipshared/ec29/src/reg.vhd:34' bound to instance 'Register_others' of component 'reg' [c:/Users/lotto/Desktop/Consegna/Block_Design/Block_Design.gen/sources_1/bd/B_Design/ipshared/ec29/src/Merge_Sort.vhd:95]
INFO: [Synth 8-3491] module 'reg' declared at 'c:/Users/lotto/Desktop/Consegna/Block_Design/Block_Design.gen/sources_1/bd/B_Design/ipshared/ec29/src/reg.vhd:34' bound to instance 'Register_others' of component 'reg' [c:/Users/lotto/Desktop/Consegna/Block_Design/Block_Design.gen/sources_1/bd/B_Design/ipshared/ec29/src/Merge_Sort.vhd:95]
INFO: [Synth 8-3491] module 'reg' declared at 'c:/Users/lotto/Desktop/Consegna/Block_Design/Block_Design.gen/sources_1/bd/B_Design/ipshared/ec29/src/reg.vhd:34' bound to instance 'Register_others' of component 'reg' [c:/Users/lotto/Desktop/Consegna/Block_Design/Block_Design.gen/sources_1/bd/B_Design/ipshared/ec29/src/Merge_Sort.vhd:95]
INFO: [Synth 8-3491] module 'reg' declared at 'c:/Users/lotto/Desktop/Consegna/Block_Design/Block_Design.gen/sources_1/bd/B_Design/ipshared/ec29/src/reg.vhd:34' bound to instance 'Register_others' of component 'reg' [c:/Users/lotto/Desktop/Consegna/Block_Design/Block_Design.gen/sources_1/bd/B_Design/ipshared/ec29/src/Merge_Sort.vhd:95]
INFO: [Synth 8-3491] module 'reg' declared at 'c:/Users/lotto/Desktop/Consegna/Block_Design/Block_Design.gen/sources_1/bd/B_Design/ipshared/ec29/src/reg.vhd:34' bound to instance 'Register_others' of component 'reg' [c:/Users/lotto/Desktop/Consegna/Block_Design/Block_Design.gen/sources_1/bd/B_Design/ipshared/ec29/src/Merge_Sort.vhd:95]
INFO: [Synth 8-3491] module 'reg' declared at 'c:/Users/lotto/Desktop/Consegna/Block_Design/Block_Design.gen/sources_1/bd/B_Design/ipshared/ec29/src/reg.vhd:34' bound to instance 'Register_others' of component 'reg' [c:/Users/lotto/Desktop/Consegna/Block_Design/Block_Design.gen/sources_1/bd/B_Design/ipshared/ec29/src/Merge_Sort.vhd:95]
INFO: [Synth 8-3491] module 'reg' declared at 'c:/Users/lotto/Desktop/Consegna/Block_Design/Block_Design.gen/sources_1/bd/B_Design/ipshared/ec29/src/reg.vhd:34' bound to instance 'Register_others' of component 'reg' [c:/Users/lotto/Desktop/Consegna/Block_Design/Block_Design.gen/sources_1/bd/B_Design/ipshared/ec29/src/Merge_Sort.vhd:95]
INFO: [Synth 8-3491] module 'reg' declared at 'c:/Users/lotto/Desktop/Consegna/Block_Design/Block_Design.gen/sources_1/bd/B_Design/ipshared/ec29/src/reg.vhd:34' bound to instance 'Register_others' of component 'reg' [c:/Users/lotto/Desktop/Consegna/Block_Design/Block_Design.gen/sources_1/bd/B_Design/ipshared/ec29/src/Merge_Sort.vhd:95]
INFO: [Synth 8-3491] module 'reg' declared at 'c:/Users/lotto/Desktop/Consegna/Block_Design/Block_Design.gen/sources_1/bd/B_Design/ipshared/ec29/src/reg.vhd:34' bound to instance 'Register_others' of component 'reg' [c:/Users/lotto/Desktop/Consegna/Block_Design/Block_Design.gen/sources_1/bd/B_Design/ipshared/ec29/src/Merge_Sort.vhd:95]
INFO: [Synth 8-3491] module 'reg' declared at 'c:/Users/lotto/Desktop/Consegna/Block_Design/Block_Design.gen/sources_1/bd/B_Design/ipshared/ec29/src/reg.vhd:34' bound to instance 'Register_others' of component 'reg' [c:/Users/lotto/Desktop/Consegna/Block_Design/Block_Design.gen/sources_1/bd/B_Design/ipshared/ec29/src/Merge_Sort.vhd:95]
INFO: [Synth 8-3491] module 'reg' declared at 'c:/Users/lotto/Desktop/Consegna/Block_Design/Block_Design.gen/sources_1/bd/B_Design/ipshared/ec29/src/reg.vhd:34' bound to instance 'Register_others' of component 'reg' [c:/Users/lotto/Desktop/Consegna/Block_Design/Block_Design.gen/sources_1/bd/B_Design/ipshared/ec29/src/Merge_Sort.vhd:95]
INFO: [Synth 8-3491] module 'reg' declared at 'c:/Users/lotto/Desktop/Consegna/Block_Design/Block_Design.gen/sources_1/bd/B_Design/ipshared/ec29/src/reg.vhd:34' bound to instance 'Register_others' of component 'reg' [c:/Users/lotto/Desktop/Consegna/Block_Design/Block_Design.gen/sources_1/bd/B_Design/ipshared/ec29/src/Merge_Sort.vhd:95]
INFO: [Synth 8-3491] module 'reg' declared at 'c:/Users/lotto/Desktop/Consegna/Block_Design/Block_Design.gen/sources_1/bd/B_Design/ipshared/ec29/src/reg.vhd:34' bound to instance 'Register_others' of component 'reg' [c:/Users/lotto/Desktop/Consegna/Block_Design/Block_Design.gen/sources_1/bd/B_Design/ipshared/ec29/src/Merge_Sort.vhd:95]
INFO: [Synth 8-3491] module 'reg' declared at 'c:/Users/lotto/Desktop/Consegna/Block_Design/Block_Design.gen/sources_1/bd/B_Design/ipshared/ec29/src/reg.vhd:34' bound to instance 'Register_others' of component 'reg' [c:/Users/lotto/Desktop/Consegna/Block_Design/Block_Design.gen/sources_1/bd/B_Design/ipshared/ec29/src/Merge_Sort.vhd:95]
INFO: [Synth 8-3491] module 'reg' declared at 'c:/Users/lotto/Desktop/Consegna/Block_Design/Block_Design.gen/sources_1/bd/B_Design/ipshared/ec29/src/reg.vhd:34' bound to instance 'Register_others' of component 'reg' [c:/Users/lotto/Desktop/Consegna/Block_Design/Block_Design.gen/sources_1/bd/B_Design/ipshared/ec29/src/Merge_Sort.vhd:95]
INFO: [Synth 8-3491] module 'reg' declared at 'c:/Users/lotto/Desktop/Consegna/Block_Design/Block_Design.gen/sources_1/bd/B_Design/ipshared/ec29/src/reg.vhd:34' bound to instance 'Register_others' of component 'reg' [c:/Users/lotto/Desktop/Consegna/Block_Design/Block_Design.gen/sources_1/bd/B_Design/ipshared/ec29/src/Merge_Sort.vhd:95]
INFO: [Synth 8-3491] module 'reg' declared at 'c:/Users/lotto/Desktop/Consegna/Block_Design/Block_Design.gen/sources_1/bd/B_Design/ipshared/ec29/src/reg.vhd:34' bound to instance 'Register_others' of component 'reg' [c:/Users/lotto/Desktop/Consegna/Block_Design/Block_Design.gen/sources_1/bd/B_Design/ipshared/ec29/src/Merge_Sort.vhd:95]
INFO: [Synth 8-3491] module 'reg' declared at 'c:/Users/lotto/Desktop/Consegna/Block_Design/Block_Design.gen/sources_1/bd/B_Design/ipshared/ec29/src/reg.vhd:34' bound to instance 'Register_others' of component 'reg' [c:/Users/lotto/Desktop/Consegna/Block_Design/Block_Design.gen/sources_1/bd/B_Design/ipshared/ec29/src/Merge_Sort.vhd:95]
INFO: [Synth 8-3491] module 'reg' declared at 'c:/Users/lotto/Desktop/Consegna/Block_Design/Block_Design.gen/sources_1/bd/B_Design/ipshared/ec29/src/reg.vhd:34' bound to instance 'Register_others' of component 'reg' [c:/Users/lotto/Desktop/Consegna/Block_Design/Block_Design.gen/sources_1/bd/B_Design/ipshared/ec29/src/Merge_Sort.vhd:95]
INFO: [Synth 8-3491] module 'reg' declared at 'c:/Users/lotto/Desktop/Consegna/Block_Design/Block_Design.gen/sources_1/bd/B_Design/ipshared/ec29/src/reg.vhd:34' bound to instance 'Register_others' of component 'reg' [c:/Users/lotto/Desktop/Consegna/Block_Design/Block_Design.gen/sources_1/bd/B_Design/ipshared/ec29/src/Merge_Sort.vhd:95]
INFO: [Synth 8-3491] module 'reg' declared at 'c:/Users/lotto/Desktop/Consegna/Block_Design/Block_Design.gen/sources_1/bd/B_Design/ipshared/ec29/src/reg.vhd:34' bound to instance 'Register_others' of component 'reg' [c:/Users/lotto/Desktop/Consegna/Block_Design/Block_Design.gen/sources_1/bd/B_Design/ipshared/ec29/src/Merge_Sort.vhd:95]
INFO: [Synth 8-3491] module 'reg' declared at 'c:/Users/lotto/Desktop/Consegna/Block_Design/Block_Design.gen/sources_1/bd/B_Design/ipshared/ec29/src/reg.vhd:34' bound to instance 'Register_others' of component 'reg' [c:/Users/lotto/Desktop/Consegna/Block_Design/Block_Design.gen/sources_1/bd/B_Design/ipshared/ec29/src/Merge_Sort.vhd:95]
INFO: [Synth 8-3491] module 'reg' declared at 'c:/Users/lotto/Desktop/Consegna/Block_Design/Block_Design.gen/sources_1/bd/B_Design/ipshared/ec29/src/reg.vhd:34' bound to instance 'Register_others' of component 'reg' [c:/Users/lotto/Desktop/Consegna/Block_Design/Block_Design.gen/sources_1/bd/B_Design/ipshared/ec29/src/Merge_Sort.vhd:95]
INFO: [Synth 8-3491] module 'reg' declared at 'c:/Users/lotto/Desktop/Consegna/Block_Design/Block_Design.gen/sources_1/bd/B_Design/ipshared/ec29/src/reg.vhd:34' bound to instance 'Register_others' of component 'reg' [c:/Users/lotto/Desktop/Consegna/Block_Design/Block_Design.gen/sources_1/bd/B_Design/ipshared/ec29/src/Merge_Sort.vhd:95]
INFO: [Synth 8-3491] module 'reg' declared at 'c:/Users/lotto/Desktop/Consegna/Block_Design/Block_Design.gen/sources_1/bd/B_Design/ipshared/ec29/src/reg.vhd:34' bound to instance 'Register_others' of component 'reg' [c:/Users/lotto/Desktop/Consegna/Block_Design/Block_Design.gen/sources_1/bd/B_Design/ipshared/ec29/src/Merge_Sort.vhd:95]
INFO: [Synth 8-3491] module 'reg' declared at 'c:/Users/lotto/Desktop/Consegna/Block_Design/Block_Design.gen/sources_1/bd/B_Design/ipshared/ec29/src/reg.vhd:34' bound to instance 'Register_others' of component 'reg' [c:/Users/lotto/Desktop/Consegna/Block_Design/Block_Design.gen/sources_1/bd/B_Design/ipshared/ec29/src/Merge_Sort.vhd:95]
INFO: [Synth 8-3491] module 'reg' declared at 'c:/Users/lotto/Desktop/Consegna/Block_Design/Block_Design.gen/sources_1/bd/B_Design/ipshared/ec29/src/reg.vhd:34' bound to instance 'Register_others' of component 'reg' [c:/Users/lotto/Desktop/Consegna/Block_Design/Block_Design.gen/sources_1/bd/B_Design/ipshared/ec29/src/Merge_Sort.vhd:95]
INFO: [Synth 8-3491] module 'reg' declared at 'c:/Users/lotto/Desktop/Consegna/Block_Design/Block_Design.gen/sources_1/bd/B_Design/ipshared/ec29/src/reg.vhd:34' bound to instance 'Register_others' of component 'reg' [c:/Users/lotto/Desktop/Consegna/Block_Design/Block_Design.gen/sources_1/bd/B_Design/ipshared/ec29/src/Merge_Sort.vhd:95]
INFO: [Synth 8-3491] module 'reg' declared at 'c:/Users/lotto/Desktop/Consegna/Block_Design/Block_Design.gen/sources_1/bd/B_Design/ipshared/ec29/src/reg.vhd:34' bound to instance 'Register_others' of component 'reg' [c:/Users/lotto/Desktop/Consegna/Block_Design/Block_Design.gen/sources_1/bd/B_Design/ipshared/ec29/src/Merge_Sort.vhd:95]
INFO: [Synth 8-3491] module 'reg' declared at 'c:/Users/lotto/Desktop/Consegna/Block_Design/Block_Design.gen/sources_1/bd/B_Design/ipshared/ec29/src/reg.vhd:34' bound to instance 'Register_Cond_2' of component 'reg' [c:/Users/lotto/Desktop/Consegna/Block_Design/Block_Design.gen/sources_1/bd/B_Design/ipshared/ec29/src/Merge_Sort.vhd:150]
INFO: [Synth 8-3491] module 'reg' declared at 'c:/Users/lotto/Desktop/Consegna/Block_Design/Block_Design.gen/sources_1/bd/B_Design/ipshared/ec29/src/reg.vhd:34' bound to instance 'Register_Cond_2' of component 'reg' [c:/Users/lotto/Desktop/Consegna/Block_Design/Block_Design.gen/sources_1/bd/B_Design/ipshared/ec29/src/Merge_Sort.vhd:150]
INFO: [Synth 8-3491] module 'reg' declared at 'c:/Users/lotto/Desktop/Consegna/Block_Design/Block_Design.gen/sources_1/bd/B_Design/ipshared/ec29/src/reg.vhd:34' bound to instance 'Register_Cond_2' of component 'reg' [c:/Users/lotto/Desktop/Consegna/Block_Design/Block_Design.gen/sources_1/bd/B_Design/ipshared/ec29/src/Merge_Sort.vhd:150]
INFO: [Synth 8-3491] module 'reg' declared at 'c:/Users/lotto/Desktop/Consegna/Block_Design/Block_Design.gen/sources_1/bd/B_Design/ipshared/ec29/src/reg.vhd:34' bound to instance 'Register_Cond_2' of component 'reg' [c:/Users/lotto/Desktop/Consegna/Block_Design/Block_Design.gen/sources_1/bd/B_Design/ipshared/ec29/src/Merge_Sort.vhd:150]
INFO: [Synth 8-3491] module 'reg' declared at 'c:/Users/lotto/Desktop/Consegna/Block_Design/Block_Design.gen/sources_1/bd/B_Design/ipshared/ec29/src/reg.vhd:34' bound to instance 'Register_Cond_2' of component 'reg' [c:/Users/lotto/Desktop/Consegna/Block_Design/Block_Design.gen/sources_1/bd/B_Design/ipshared/ec29/src/Merge_Sort.vhd:150]
INFO: [Synth 8-3491] module 'reg' declared at 'c:/Users/lotto/Desktop/Consegna/Block_Design/Block_Design.gen/sources_1/bd/B_Design/ipshared/ec29/src/reg.vhd:34' bound to instance 'Register_Cond_2' of component 'reg' [c:/Users/lotto/Desktop/Consegna/Block_Design/Block_Design.gen/sources_1/bd/B_Design/ipshared/ec29/src/Merge_Sort.vhd:150]
INFO: [Synth 8-3491] module 'reg' declared at 'c:/Users/lotto/Desktop/Consegna/Block_Design/Block_Design.gen/sources_1/bd/B_Design/ipshared/ec29/src/reg.vhd:34' bound to instance 'Register_Cond_2' of component 'reg' [c:/Users/lotto/Desktop/Consegna/Block_Design/Block_Design.gen/sources_1/bd/B_Design/ipshared/ec29/src/Merge_Sort.vhd:150]
INFO: [Synth 8-3491] module 'reg' declared at 'c:/Users/lotto/Desktop/Consegna/Block_Design/Block_Design.gen/sources_1/bd/B_Design/ipshared/ec29/src/reg.vhd:34' bound to instance 'Register_Cond_2' of component 'reg' [c:/Users/lotto/Desktop/Consegna/Block_Design/Block_Design.gen/sources_1/bd/B_Design/ipshared/ec29/src/Merge_Sort.vhd:150]
INFO: [Synth 8-3491] module 'reg' declared at 'c:/Users/lotto/Desktop/Consegna/Block_Design/Block_Design.gen/sources_1/bd/B_Design/ipshared/ec29/src/reg.vhd:34' bound to instance 'Register_Cond_2' of component 'reg' [c:/Users/lotto/Desktop/Consegna/Block_Design/Block_Design.gen/sources_1/bd/B_Design/ipshared/ec29/src/Merge_Sort.vhd:150]
INFO: [Synth 8-3491] module 'reg' declared at 'c:/Users/lotto/Desktop/Consegna/Block_Design/Block_Design.gen/sources_1/bd/B_Design/ipshared/ec29/src/reg.vhd:34' bound to instance 'Register_Cond_2' of component 'reg' [c:/Users/lotto/Desktop/Consegna/Block_Design/Block_Design.gen/sources_1/bd/B_Design/ipshared/ec29/src/Merge_Sort.vhd:150]
INFO: [Synth 8-3491] module 'reg' declared at 'c:/Users/lotto/Desktop/Consegna/Block_Design/Block_Design.gen/sources_1/bd/B_Design/ipshared/ec29/src/reg.vhd:34' bound to instance 'Register_Cond_2' of component 'reg' [c:/Users/lotto/Desktop/Consegna/Block_Design/Block_Design.gen/sources_1/bd/B_Design/ipshared/ec29/src/Merge_Sort.vhd:150]
INFO: [Synth 8-3491] module 'reg' declared at 'c:/Users/lotto/Desktop/Consegna/Block_Design/Block_Design.gen/sources_1/bd/B_Design/ipshared/ec29/src/reg.vhd:34' bound to instance 'Register_Cond_2' of component 'reg' [c:/Users/lotto/Desktop/Consegna/Block_Design/Block_Design.gen/sources_1/bd/B_Design/ipshared/ec29/src/Merge_Sort.vhd:150]
INFO: [Synth 8-3491] module 'reg' declared at 'c:/Users/lotto/Desktop/Consegna/Block_Design/Block_Design.gen/sources_1/bd/B_Design/ipshared/ec29/src/reg.vhd:34' bound to instance 'Register_Cond_2' of component 'reg' [c:/Users/lotto/Desktop/Consegna/Block_Design/Block_Design.gen/sources_1/bd/B_Design/ipshared/ec29/src/Merge_Sort.vhd:150]
INFO: [Synth 8-3491] module 'reg' declared at 'c:/Users/lotto/Desktop/Consegna/Block_Design/Block_Design.gen/sources_1/bd/B_Design/ipshared/ec29/src/reg.vhd:34' bound to instance 'Register_Cond_2' of component 'reg' [c:/Users/lotto/Desktop/Consegna/Block_Design/Block_Design.gen/sources_1/bd/B_Design/ipshared/ec29/src/Merge_Sort.vhd:150]
INFO: [Synth 8-3491] module 'reg' declared at 'c:/Users/lotto/Desktop/Consegna/Block_Design/Block_Design.gen/sources_1/bd/B_Design/ipshared/ec29/src/reg.vhd:34' bound to instance 'Register_Cond_2' of component 'reg' [c:/Users/lotto/Desktop/Consegna/Block_Design/Block_Design.gen/sources_1/bd/B_Design/ipshared/ec29/src/Merge_Sort.vhd:150]
INFO: [Synth 8-3491] module 'reg' declared at 'c:/Users/lotto/Desktop/Consegna/Block_Design/Block_Design.gen/sources_1/bd/B_Design/ipshared/ec29/src/reg.vhd:34' bound to instance 'Register_Cond_2' of component 'reg' [c:/Users/lotto/Desktop/Consegna/Block_Design/Block_Design.gen/sources_1/bd/B_Design/ipshared/ec29/src/Merge_Sort.vhd:150]
INFO: [Synth 8-3491] module 'reg' declared at 'c:/Users/lotto/Desktop/Consegna/Block_Design/Block_Design.gen/sources_1/bd/B_Design/ipshared/ec29/src/reg.vhd:34' bound to instance 'Register_Cond_2' of component 'reg' [c:/Users/lotto/Desktop/Consegna/Block_Design/Block_Design.gen/sources_1/bd/B_Design/ipshared/ec29/src/Merge_Sort.vhd:150]
INFO: [Synth 8-3491] module 'reg' declared at 'c:/Users/lotto/Desktop/Consegna/Block_Design/Block_Design.gen/sources_1/bd/B_Design/ipshared/ec29/src/reg.vhd:34' bound to instance 'Register_Cond_2' of component 'reg' [c:/Users/lotto/Desktop/Consegna/Block_Design/Block_Design.gen/sources_1/bd/B_Design/ipshared/ec29/src/Merge_Sort.vhd:150]
INFO: [Synth 8-3491] module 'reg' declared at 'c:/Users/lotto/Desktop/Consegna/Block_Design/Block_Design.gen/sources_1/bd/B_Design/ipshared/ec29/src/reg.vhd:34' bound to instance 'Register_Cond_2' of component 'reg' [c:/Users/lotto/Desktop/Consegna/Block_Design/Block_Design.gen/sources_1/bd/B_Design/ipshared/ec29/src/Merge_Sort.vhd:150]
INFO: [Synth 8-3491] module 'reg' declared at 'c:/Users/lotto/Desktop/Consegna/Block_Design/Block_Design.gen/sources_1/bd/B_Design/ipshared/ec29/src/reg.vhd:34' bound to instance 'Register_Cond_2' of component 'reg' [c:/Users/lotto/Desktop/Consegna/Block_Design/Block_Design.gen/sources_1/bd/B_Design/ipshared/ec29/src/Merge_Sort.vhd:150]
INFO: [Synth 8-3491] module 'reg' declared at 'c:/Users/lotto/Desktop/Consegna/Block_Design/Block_Design.gen/sources_1/bd/B_Design/ipshared/ec29/src/reg.vhd:34' bound to instance 'Register_Cond_2' of component 'reg' [c:/Users/lotto/Desktop/Consegna/Block_Design/Block_Design.gen/sources_1/bd/B_Design/ipshared/ec29/src/Merge_Sort.vhd:150]
INFO: [Synth 8-3491] module 'reg' declared at 'c:/Users/lotto/Desktop/Consegna/Block_Design/Block_Design.gen/sources_1/bd/B_Design/ipshared/ec29/src/reg.vhd:34' bound to instance 'Register_Cond_2' of component 'reg' [c:/Users/lotto/Desktop/Consegna/Block_Design/Block_Design.gen/sources_1/bd/B_Design/ipshared/ec29/src/Merge_Sort.vhd:150]
INFO: [Synth 8-3491] module 'reg' declared at 'c:/Users/lotto/Desktop/Consegna/Block_Design/Block_Design.gen/sources_1/bd/B_Design/ipshared/ec29/src/reg.vhd:34' bound to instance 'Register_Cond_2' of component 'reg' [c:/Users/lotto/Desktop/Consegna/Block_Design/Block_Design.gen/sources_1/bd/B_Design/ipshared/ec29/src/Merge_Sort.vhd:150]
INFO: [Synth 8-3491] module 'reg' declared at 'c:/Users/lotto/Desktop/Consegna/Block_Design/Block_Design.gen/sources_1/bd/B_Design/ipshared/ec29/src/reg.vhd:34' bound to instance 'Register_Cond_2' of component 'reg' [c:/Users/lotto/Desktop/Consegna/Block_Design/Block_Design.gen/sources_1/bd/B_Design/ipshared/ec29/src/Merge_Sort.vhd:150]
INFO: [Synth 8-3491] module 'reg' declared at 'c:/Users/lotto/Desktop/Consegna/Block_Design/Block_Design.gen/sources_1/bd/B_Design/ipshared/ec29/src/reg.vhd:34' bound to instance 'Register_Cond_2' of component 'reg' [c:/Users/lotto/Desktop/Consegna/Block_Design/Block_Design.gen/sources_1/bd/B_Design/ipshared/ec29/src/Merge_Sort.vhd:150]
INFO: [Synth 8-3491] module 'reg' declared at 'c:/Users/lotto/Desktop/Consegna/Block_Design/Block_Design.gen/sources_1/bd/B_Design/ipshared/ec29/src/reg.vhd:34' bound to instance 'Register_Cond_2' of component 'reg' [c:/Users/lotto/Desktop/Consegna/Block_Design/Block_Design.gen/sources_1/bd/B_Design/ipshared/ec29/src/Merge_Sort.vhd:150]
INFO: [Synth 8-3491] module 'reg' declared at 'c:/Users/lotto/Desktop/Consegna/Block_Design/Block_Design.gen/sources_1/bd/B_Design/ipshared/ec29/src/reg.vhd:34' bound to instance 'Register_Cond_2' of component 'reg' [c:/Users/lotto/Desktop/Consegna/Block_Design/Block_Design.gen/sources_1/bd/B_Design/ipshared/ec29/src/Merge_Sort.vhd:150]
INFO: [Synth 8-3491] module 'reg' declared at 'c:/Users/lotto/Desktop/Consegna/Block_Design/Block_Design.gen/sources_1/bd/B_Design/ipshared/ec29/src/reg.vhd:34' bound to instance 'Register_Cond_2' of component 'reg' [c:/Users/lotto/Desktop/Consegna/Block_Design/Block_Design.gen/sources_1/bd/B_Design/ipshared/ec29/src/Merge_Sort.vhd:150]
INFO: [Synth 8-3491] module 'reg' declared at 'c:/Users/lotto/Desktop/Consegna/Block_Design/Block_Design.gen/sources_1/bd/B_Design/ipshared/ec29/src/reg.vhd:34' bound to instance 'Register_Cond_2' of component 'reg' [c:/Users/lotto/Desktop/Consegna/Block_Design/Block_Design.gen/sources_1/bd/B_Design/ipshared/ec29/src/Merge_Sort.vhd:150]
INFO: [Synth 8-3491] module 'reg' declared at 'c:/Users/lotto/Desktop/Consegna/Block_Design/Block_Design.gen/sources_1/bd/B_Design/ipshared/ec29/src/reg.vhd:34' bound to instance 'Register_Cond_2' of component 'reg' [c:/Users/lotto/Desktop/Consegna/Block_Design/Block_Design.gen/sources_1/bd/B_Design/ipshared/ec29/src/Merge_Sort.vhd:150]
INFO: [Synth 8-3491] module 'reg' declared at 'c:/Users/lotto/Desktop/Consegna/Block_Design/Block_Design.gen/sources_1/bd/B_Design/ipshared/ec29/src/reg.vhd:34' bound to instance 'Register_Cond_2' of component 'reg' [c:/Users/lotto/Desktop/Consegna/Block_Design/Block_Design.gen/sources_1/bd/B_Design/ipshared/ec29/src/Merge_Sort.vhd:150]
INFO: [Synth 8-3491] module 'reg' declared at 'c:/Users/lotto/Desktop/Consegna/Block_Design/Block_Design.gen/sources_1/bd/B_Design/ipshared/ec29/src/reg.vhd:34' bound to instance 'Register_Cond_2' of component 'reg' [c:/Users/lotto/Desktop/Consegna/Block_Design/Block_Design.gen/sources_1/bd/B_Design/ipshared/ec29/src/Merge_Sort.vhd:150]
INFO: [Synth 8-3491] module 'reg' declared at 'c:/Users/lotto/Desktop/Consegna/Block_Design/Block_Design.gen/sources_1/bd/B_Design/ipshared/ec29/src/reg.vhd:34' bound to instance 'Register_Cond_4' of component 'reg' [c:/Users/lotto/Desktop/Consegna/Block_Design/Block_Design.gen/sources_1/bd/B_Design/ipshared/ec29/src/Merge_Sort.vhd:193]
INFO: [Synth 8-3491] module 'reg' declared at 'c:/Users/lotto/Desktop/Consegna/Block_Design/Block_Design.gen/sources_1/bd/B_Design/ipshared/ec29/src/reg.vhd:34' bound to instance 'Register_Cond_4' of component 'reg' [c:/Users/lotto/Desktop/Consegna/Block_Design/Block_Design.gen/sources_1/bd/B_Design/ipshared/ec29/src/Merge_Sort.vhd:193]
INFO: [Synth 8-3491] module 'reg' declared at 'c:/Users/lotto/Desktop/Consegna/Block_Design/Block_Design.gen/sources_1/bd/B_Design/ipshared/ec29/src/reg.vhd:34' bound to instance 'Register_Cond_4' of component 'reg' [c:/Users/lotto/Desktop/Consegna/Block_Design/Block_Design.gen/sources_1/bd/B_Design/ipshared/ec29/src/Merge_Sort.vhd:193]
INFO: [Synth 8-3491] module 'reg' declared at 'c:/Users/lotto/Desktop/Consegna/Block_Design/Block_Design.gen/sources_1/bd/B_Design/ipshared/ec29/src/reg.vhd:34' bound to instance 'Register_Cond_4' of component 'reg' [c:/Users/lotto/Desktop/Consegna/Block_Design/Block_Design.gen/sources_1/bd/B_Design/ipshared/ec29/src/Merge_Sort.vhd:193]
INFO: [Synth 8-3491] module 'reg' declared at 'c:/Users/lotto/Desktop/Consegna/Block_Design/Block_Design.gen/sources_1/bd/B_Design/ipshared/ec29/src/reg.vhd:34' bound to instance 'Register_Cond_4' of component 'reg' [c:/Users/lotto/Desktop/Consegna/Block_Design/Block_Design.gen/sources_1/bd/B_Design/ipshared/ec29/src/Merge_Sort.vhd:193]
INFO: [Synth 8-3491] module 'reg' declared at 'c:/Users/lotto/Desktop/Consegna/Block_Design/Block_Design.gen/sources_1/bd/B_Design/ipshared/ec29/src/reg.vhd:34' bound to instance 'Register_Cond_4' of component 'reg' [c:/Users/lotto/Desktop/Consegna/Block_Design/Block_Design.gen/sources_1/bd/B_Design/ipshared/ec29/src/Merge_Sort.vhd:193]
INFO: [Synth 8-3491] module 'reg' declared at 'c:/Users/lotto/Desktop/Consegna/Block_Design/Block_Design.gen/sources_1/bd/B_Design/ipshared/ec29/src/reg.vhd:34' bound to instance 'Register_Cond_4' of component 'reg' [c:/Users/lotto/Desktop/Consegna/Block_Design/Block_Design.gen/sources_1/bd/B_Design/ipshared/ec29/src/Merge_Sort.vhd:193]
INFO: [Synth 8-3491] module 'reg' declared at 'c:/Users/lotto/Desktop/Consegna/Block_Design/Block_Design.gen/sources_1/bd/B_Design/ipshared/ec29/src/reg.vhd:34' bound to instance 'Register_Cond_4' of component 'reg' [c:/Users/lotto/Desktop/Consegna/Block_Design/Block_Design.gen/sources_1/bd/B_Design/ipshared/ec29/src/Merge_Sort.vhd:193]
INFO: [Synth 8-3491] module 'reg' declared at 'c:/Users/lotto/Desktop/Consegna/Block_Design/Block_Design.gen/sources_1/bd/B_Design/ipshared/ec29/src/reg.vhd:34' bound to instance 'Register_Cond_4' of component 'reg' [c:/Users/lotto/Desktop/Consegna/Block_Design/Block_Design.gen/sources_1/bd/B_Design/ipshared/ec29/src/Merge_Sort.vhd:193]
INFO: [Synth 8-3491] module 'reg' declared at 'c:/Users/lotto/Desktop/Consegna/Block_Design/Block_Design.gen/sources_1/bd/B_Design/ipshared/ec29/src/reg.vhd:34' bound to instance 'Register_Cond_4' of component 'reg' [c:/Users/lotto/Desktop/Consegna/Block_Design/Block_Design.gen/sources_1/bd/B_Design/ipshared/ec29/src/Merge_Sort.vhd:193]
INFO: [Synth 8-3491] module 'reg' declared at 'c:/Users/lotto/Desktop/Consegna/Block_Design/Block_Design.gen/sources_1/bd/B_Design/ipshared/ec29/src/reg.vhd:34' bound to instance 'Register_Cond_4' of component 'reg' [c:/Users/lotto/Desktop/Consegna/Block_Design/Block_Design.gen/sources_1/bd/B_Design/ipshared/ec29/src/Merge_Sort.vhd:193]
INFO: [Synth 8-3491] module 'reg' declared at 'c:/Users/lotto/Desktop/Consegna/Block_Design/Block_Design.gen/sources_1/bd/B_Design/ipshared/ec29/src/reg.vhd:34' bound to instance 'Register_Cond_4' of component 'reg' [c:/Users/lotto/Desktop/Consegna/Block_Design/Block_Design.gen/sources_1/bd/B_Design/ipshared/ec29/src/Merge_Sort.vhd:193]
INFO: [Synth 8-3491] module 'reg' declared at 'c:/Users/lotto/Desktop/Consegna/Block_Design/Block_Design.gen/sources_1/bd/B_Design/ipshared/ec29/src/reg.vhd:34' bound to instance 'Register_Cond_4' of component 'reg' [c:/Users/lotto/Desktop/Consegna/Block_Design/Block_Design.gen/sources_1/bd/B_Design/ipshared/ec29/src/Merge_Sort.vhd:193]
INFO: [Synth 8-3491] module 'reg' declared at 'c:/Users/lotto/Desktop/Consegna/Block_Design/Block_Design.gen/sources_1/bd/B_Design/ipshared/ec29/src/reg.vhd:34' bound to instance 'Register_Cond_4' of component 'reg' [c:/Users/lotto/Desktop/Consegna/Block_Design/Block_Design.gen/sources_1/bd/B_Design/ipshared/ec29/src/Merge_Sort.vhd:193]
INFO: [Synth 8-3491] module 'reg' declared at 'c:/Users/lotto/Desktop/Consegna/Block_Design/Block_Design.gen/sources_1/bd/B_Design/ipshared/ec29/src/reg.vhd:34' bound to instance 'Register_Cond_4' of component 'reg' [c:/Users/lotto/Desktop/Consegna/Block_Design/Block_Design.gen/sources_1/bd/B_Design/ipshared/ec29/src/Merge_Sort.vhd:193]
INFO: [Synth 8-3491] module 'reg' declared at 'c:/Users/lotto/Desktop/Consegna/Block_Design/Block_Design.gen/sources_1/bd/B_Design/ipshared/ec29/src/reg.vhd:34' bound to instance 'Register_Cond_4' of component 'reg' [c:/Users/lotto/Desktop/Consegna/Block_Design/Block_Design.gen/sources_1/bd/B_Design/ipshared/ec29/src/Merge_Sort.vhd:193]
INFO: [Synth 8-3491] module 'reg' declared at 'c:/Users/lotto/Desktop/Consegna/Block_Design/Block_Design.gen/sources_1/bd/B_Design/ipshared/ec29/src/reg.vhd:34' bound to instance 'Register_Cond_4' of component 'reg' [c:/Users/lotto/Desktop/Consegna/Block_Design/Block_Design.gen/sources_1/bd/B_Design/ipshared/ec29/src/Merge_Sort.vhd:193]
INFO: [Synth 8-3491] module 'reg' declared at 'c:/Users/lotto/Desktop/Consegna/Block_Design/Block_Design.gen/sources_1/bd/B_Design/ipshared/ec29/src/reg.vhd:34' bound to instance 'Register_Cond_4' of component 'reg' [c:/Users/lotto/Desktop/Consegna/Block_Design/Block_Design.gen/sources_1/bd/B_Design/ipshared/ec29/src/Merge_Sort.vhd:193]
INFO: [Synth 8-3491] module 'reg' declared at 'c:/Users/lotto/Desktop/Consegna/Block_Design/Block_Design.gen/sources_1/bd/B_Design/ipshared/ec29/src/reg.vhd:34' bound to instance 'Register_Cond_4' of component 'reg' [c:/Users/lotto/Desktop/Consegna/Block_Design/Block_Design.gen/sources_1/bd/B_Design/ipshared/ec29/src/Merge_Sort.vhd:193]
INFO: [Synth 8-3491] module 'reg' declared at 'c:/Users/lotto/Desktop/Consegna/Block_Design/Block_Design.gen/sources_1/bd/B_Design/ipshared/ec29/src/reg.vhd:34' bound to instance 'Register_Cond_4' of component 'reg' [c:/Users/lotto/Desktop/Consegna/Block_Design/Block_Design.gen/sources_1/bd/B_Design/ipshared/ec29/src/Merge_Sort.vhd:193]
INFO: [Synth 8-3491] module 'reg' declared at 'c:/Users/lotto/Desktop/Consegna/Block_Design/Block_Design.gen/sources_1/bd/B_Design/ipshared/ec29/src/reg.vhd:34' bound to instance 'Register_Cond_4' of component 'reg' [c:/Users/lotto/Desktop/Consegna/Block_Design/Block_Design.gen/sources_1/bd/B_Design/ipshared/ec29/src/Merge_Sort.vhd:193]
INFO: [Synth 8-3491] module 'reg' declared at 'c:/Users/lotto/Desktop/Consegna/Block_Design/Block_Design.gen/sources_1/bd/B_Design/ipshared/ec29/src/reg.vhd:34' bound to instance 'Register_Cond_4' of component 'reg' [c:/Users/lotto/Desktop/Consegna/Block_Design/Block_Design.gen/sources_1/bd/B_Design/ipshared/ec29/src/Merge_Sort.vhd:193]
INFO: [Synth 8-3491] module 'reg' declared at 'c:/Users/lotto/Desktop/Consegna/Block_Design/Block_Design.gen/sources_1/bd/B_Design/ipshared/ec29/src/reg.vhd:34' bound to instance 'Register_Cond_4' of component 'reg' [c:/Users/lotto/Desktop/Consegna/Block_Design/Block_Design.gen/sources_1/bd/B_Design/ipshared/ec29/src/Merge_Sort.vhd:193]
INFO: [Synth 8-3491] module 'reg' declared at 'c:/Users/lotto/Desktop/Consegna/Block_Design/Block_Design.gen/sources_1/bd/B_Design/ipshared/ec29/src/reg.vhd:34' bound to instance 'Register_Cond_4' of component 'reg' [c:/Users/lotto/Desktop/Consegna/Block_Design/Block_Design.gen/sources_1/bd/B_Design/ipshared/ec29/src/Merge_Sort.vhd:193]
INFO: [Synth 8-3491] module 'reg' declared at 'c:/Users/lotto/Desktop/Consegna/Block_Design/Block_Design.gen/sources_1/bd/B_Design/ipshared/ec29/src/reg.vhd:34' bound to instance 'Register_Cond_4' of component 'reg' [c:/Users/lotto/Desktop/Consegna/Block_Design/Block_Design.gen/sources_1/bd/B_Design/ipshared/ec29/src/Merge_Sort.vhd:193]
INFO: [Synth 8-3491] module 'reg' declared at 'c:/Users/lotto/Desktop/Consegna/Block_Design/Block_Design.gen/sources_1/bd/B_Design/ipshared/ec29/src/reg.vhd:34' bound to instance 'Register_Cond_4' of component 'reg' [c:/Users/lotto/Desktop/Consegna/Block_Design/Block_Design.gen/sources_1/bd/B_Design/ipshared/ec29/src/Merge_Sort.vhd:193]
INFO: [Synth 8-3491] module 'reg' declared at 'c:/Users/lotto/Desktop/Consegna/Block_Design/Block_Design.gen/sources_1/bd/B_Design/ipshared/ec29/src/reg.vhd:34' bound to instance 'Register_Cond_4' of component 'reg' [c:/Users/lotto/Desktop/Consegna/Block_Design/Block_Design.gen/sources_1/bd/B_Design/ipshared/ec29/src/Merge_Sort.vhd:193]
INFO: [Synth 8-3491] module 'reg' declared at 'c:/Users/lotto/Desktop/Consegna/Block_Design/Block_Design.gen/sources_1/bd/B_Design/ipshared/ec29/src/reg.vhd:34' bound to instance 'Register_Cond_4' of component 'reg' [c:/Users/lotto/Desktop/Consegna/Block_Design/Block_Design.gen/sources_1/bd/B_Design/ipshared/ec29/src/Merge_Sort.vhd:193]
INFO: [Synth 8-3491] module 'reg' declared at 'c:/Users/lotto/Desktop/Consegna/Block_Design/Block_Design.gen/sources_1/bd/B_Design/ipshared/ec29/src/reg.vhd:34' bound to instance 'Register_Cond_4' of component 'reg' [c:/Users/lotto/Desktop/Consegna/Block_Design/Block_Design.gen/sources_1/bd/B_Design/ipshared/ec29/src/Merge_Sort.vhd:193]
INFO: [Synth 8-3491] module 'reg' declared at 'c:/Users/lotto/Desktop/Consegna/Block_Design/Block_Design.gen/sources_1/bd/B_Design/ipshared/ec29/src/reg.vhd:34' bound to instance 'Register_Cond_4' of component 'reg' [c:/Users/lotto/Desktop/Consegna/Block_Design/Block_Design.gen/sources_1/bd/B_Design/ipshared/ec29/src/Merge_Sort.vhd:193]
INFO: [Synth 8-3491] module 'reg' declared at 'c:/Users/lotto/Desktop/Consegna/Block_Design/Block_Design.gen/sources_1/bd/B_Design/ipshared/ec29/src/reg.vhd:34' bound to instance 'Register_Cond_4' of component 'reg' [c:/Users/lotto/Desktop/Consegna/Block_Design/Block_Design.gen/sources_1/bd/B_Design/ipshared/ec29/src/Merge_Sort.vhd:193]
INFO: [Synth 8-3491] module 'reg' declared at 'c:/Users/lotto/Desktop/Consegna/Block_Design/Block_Design.gen/sources_1/bd/B_Design/ipshared/ec29/src/reg.vhd:34' bound to instance 'Register_Cond_4' of component 'reg' [c:/Users/lotto/Desktop/Consegna/Block_Design/Block_Design.gen/sources_1/bd/B_Design/ipshared/ec29/src/Merge_Sort.vhd:193]
INFO: [Synth 8-3491] module 'reg' declared at 'c:/Users/lotto/Desktop/Consegna/Block_Design/Block_Design.gen/sources_1/bd/B_Design/ipshared/ec29/src/reg.vhd:34' bound to instance 'Register_Cond_8' of component 'reg' [c:/Users/lotto/Desktop/Consegna/Block_Design/Block_Design.gen/sources_1/bd/B_Design/ipshared/ec29/src/Merge_Sort.vhd:238]
INFO: [Common 17-14] Message 'Synth 8-3491' appears 100 times and further instances of the messages will be disabled. Use the Tcl command set_msg_config to change the current settings.
WARNING: [Synth 8-614] signal 'M_AXIS_TREADY' is read in the process but is not in the sensitivity list [c:/Users/lotto/Desktop/Consegna/Block_Design/Block_Design.gen/sources_1/bd/B_Design/ipshared/ec29/src/Merge_Sort.vhd:334]
INFO: [Synth 8-256] done synthesizing module 'Merge_Sort' (0#1) [c:/Users/lotto/Desktop/Consegna/Block_Design/Block_Design.gen/sources_1/bd/B_Design/ipshared/ec29/src/Merge_Sort.vhd:26]
	Parameter C_M_AXIS_TDATA_WIDTH bound to: 32 - type: integer 
	Parameter C_M_START_COUNT bound to: 64 - type: integer 
INFO: [Synth 8-638] synthesizing module 'AXI_MERGE_v1_0_AXI_MASTER' [c:/Users/lotto/Desktop/Consegna/Block_Design/Block_Design.gen/sources_1/bd/B_Design/ipshared/ec29/src/AXI_MERGE_v1_0_AXI_MASTER.vhd:41]
INFO: [Synth 8-256] done synthesizing module 'AXI_MERGE_v1_0_AXI_MASTER' (0#1) [c:/Users/lotto/Desktop/Consegna/Block_Design/Block_Design.gen/sources_1/bd/B_Design/ipshared/ec29/src/AXI_MERGE_v1_0_AXI_MASTER.vhd:41]
INFO: [Synth 8-256] done synthesizing module 'AXI_MERGE_v1_0' (0#1) [c:/Users/lotto/Desktop/Consegna/Block_Design/Block_Design.gen/sources_1/bd/B_Design/ipshared/ec29/src/AXI_MERGE_v1_0.vhd:47]
INFO: [Synth 8-256] done synthesizing module 'B_Design_AXI_MERGE_v1_0_0_0' (0#1) [c:/Users/lotto/Desktop/Consegna/Block_Design/Block_Design.gen/sources_1/bd/B_Design/ip/B_Design_AXI_MERGE_v1_0_0_0/synth/B_Design_AXI_MERGE_v1_0_0_0.vhd:75]
WARNING: [Synth 8-6014] Unused sequential element write_pointer_reg was removed.  [c:/Users/lotto/Desktop/Consegna/Block_Design/Block_Design.gen/sources_1/bd/B_Design/ipshared/ec29/src/AXI_MERGE_v1_0_AXI_SLAVE.vhd:139]
WARNING: [Synth 8-7129] Port S_AXIS_TSTRB[3] in module AXI_MERGE_v1_0_AXI_SLAVE is either unconnected or has no load
WARNING: [Synth 8-7129] Port S_AXIS_TSTRB[2] in module AXI_MERGE_v1_0_AXI_SLAVE is either unconnected or has no load
WARNING: [Synth 8-7129] Port S_AXIS_TSTRB[1] in module AXI_MERGE_v1_0_AXI_SLAVE is either unconnected or has no load
WARNING: [Synth 8-7129] Port S_AXIS_TSTRB[0] in module AXI_MERGE_v1_0_AXI_SLAVE is either unconnected or has no load
---------------------------------------------------------------------------------
Finished RTL Elaboration : Time (s): cpu = 00:00:04 ; elapsed = 00:00:13 . Memory (MB): peak = 1479.785 ; gain = 597.984
---------------------------------------------------------------------------------
---------------------------------------------------------------------------------
Start Handling Custom Attributes
---------------------------------------------------------------------------------
---------------------------------------------------------------------------------
Finished Handling Custom Attributes : Time (s): cpu = 00:00:04 ; elapsed = 00:00:14 . Memory (MB): peak = 1479.785 ; gain = 597.984
---------------------------------------------------------------------------------
---------------------------------------------------------------------------------
Finished RTL Optimization Phase 1 : Time (s): cpu = 00:00:04 ; elapsed = 00:00:14 . Memory (MB): peak = 1479.785 ; gain = 597.984
---------------------------------------------------------------------------------
Netlist sorting complete. Time (s): cpu = 00:00:00 ; elapsed = 00:00:00.313 . Memory (MB): peak = 1479.785 ; gain = 0.000
INFO: [Project 1-570] Preparing netlist for logic optimization

Processing XDC Constraints
Initializing timing engine
Completed Processing XDC Constraints

Netlist sorting complete. Time (s): cpu = 00:00:00 ; elapsed = 00:00:00.002 . Memory (MB): peak = 1592.711 ; gain = 0.000
INFO: [Project 1-111] Unisim Transformation Summary:
No Unisim elements were transformed.

Constraint Validation Runtime : Time (s): cpu = 00:00:00 ; elapsed = 00:00:00.248 . Memory (MB): peak = 1605.184 ; gain = 12.473
INFO: [Designutils 20-5008] Incremental synthesis strategy off
---------------------------------------------------------------------------------
Finished Constraint Validation : Time (s): cpu = 00:00:10 ; elapsed = 00:00:25 . Memory (MB): peak = 1605.184 ; gain = 723.383
---------------------------------------------------------------------------------
---------------------------------------------------------------------------------
Start Loading Part and Timing Information
---------------------------------------------------------------------------------
Loading part: xc7z020clg400-1
---------------------------------------------------------------------------------
Finished Loading Part and Timing Information : Time (s): cpu = 00:00:10 ; elapsed = 00:00:25 . Memory (MB): peak = 1605.184 ; gain = 723.383
---------------------------------------------------------------------------------
---------------------------------------------------------------------------------
Start Applying 'set_property' XDC Constraints
---------------------------------------------------------------------------------
---------------------------------------------------------------------------------
Finished applying 'set_property' XDC Constraints : Time (s): cpu = 00:00:10 ; elapsed = 00:00:25 . Memory (MB): peak = 1605.184 ; gain = 723.383
---------------------------------------------------------------------------------
INFO: [Synth 8-802] inferred FSM for state register 'mst_exec_state_reg' in module 'AXI_MERGE_v1_0_AXI_MASTER'
WARNING: [Synth 8-327] inferring latch for variable 'sort32_reg[31]' [c:/Users/lotto/Desktop/Consegna/Block_Design/Block_Design.gen/sources_1/bd/B_Design/ipshared/ec29/src/Merge_Sort.vhd:296]
WARNING: [Synth 8-327] inferring latch for variable 'sort32_reg[30]' [c:/Users/lotto/Desktop/Consegna/Block_Design/Block_Design.gen/sources_1/bd/B_Design/ipshared/ec29/src/Merge_Sort.vhd:296]
WARNING: [Synth 8-327] inferring latch for variable 'sort32_reg[29]' [c:/Users/lotto/Desktop/Consegna/Block_Design/Block_Design.gen/sources_1/bd/B_Design/ipshared/ec29/src/Merge_Sort.vhd:296]
WARNING: [Synth 8-327] inferring latch for variable 'sort32_reg[28]' [c:/Users/lotto/Desktop/Consegna/Block_Design/Block_Design.gen/sources_1/bd/B_Design/ipshared/ec29/src/Merge_Sort.vhd:296]
WARNING: [Synth 8-327] inferring latch for variable 'sort32_reg[27]' [c:/Users/lotto/Desktop/Consegna/Block_Design/Block_Design.gen/sources_1/bd/B_Design/ipshared/ec29/src/Merge_Sort.vhd:296]
WARNING: [Synth 8-327] inferring latch for variable 'sort32_reg[26]' [c:/Users/lotto/Desktop/Consegna/Block_Design/Block_Design.gen/sources_1/bd/B_Design/ipshared/ec29/src/Merge_Sort.vhd:296]
WARNING: [Synth 8-327] inferring latch for variable 'sort32_reg[25]' [c:/Users/lotto/Desktop/Consegna/Block_Design/Block_Design.gen/sources_1/bd/B_Design/ipshared/ec29/src/Merge_Sort.vhd:296]
WARNING: [Synth 8-327] inferring latch for variable 'sort32_reg[24]' [c:/Users/lotto/Desktop/Consegna/Block_Design/Block_Design.gen/sources_1/bd/B_Design/ipshared/ec29/src/Merge_Sort.vhd:296]
WARNING: [Synth 8-327] inferring latch for variable 'sort32_reg[23]' [c:/Users/lotto/Desktop/Consegna/Block_Design/Block_Design.gen/sources_1/bd/B_Design/ipshared/ec29/src/Merge_Sort.vhd:296]
WARNING: [Synth 8-327] inferring latch for variable 'sort32_reg[22]' [c:/Users/lotto/Desktop/Consegna/Block_Design/Block_Design.gen/sources_1/bd/B_Design/ipshared/ec29/src/Merge_Sort.vhd:296]
WARNING: [Synth 8-327] inferring latch for variable 'sort32_reg[21]' [c:/Users/lotto/Desktop/Consegna/Block_Design/Block_Design.gen/sources_1/bd/B_Design/ipshared/ec29/src/Merge_Sort.vhd:296]
WARNING: [Synth 8-327] inferring latch for variable 'sort32_reg[20]' [c:/Users/lotto/Desktop/Consegna/Block_Design/Block_Design.gen/sources_1/bd/B_Design/ipshared/ec29/src/Merge_Sort.vhd:296]
WARNING: [Synth 8-327] inferring latch for variable 'sort32_reg[19]' [c:/Users/lotto/Desktop/Consegna/Block_Design/Block_Design.gen/sources_1/bd/B_Design/ipshared/ec29/src/Merge_Sort.vhd:296]
WARNING: [Synth 8-327] inferring latch for variable 'sort32_reg[18]' [c:/Users/lotto/Desktop/Consegna/Block_Design/Block_Design.gen/sources_1/bd/B_Design/ipshared/ec29/src/Merge_Sort.vhd:296]
WARNING: [Synth 8-327] inferring latch for variable 'sort32_reg[17]' [c:/Users/lotto/Desktop/Consegna/Block_Design/Block_Design.gen/sources_1/bd/B_Design/ipshared/ec29/src/Merge_Sort.vhd:296]
WARNING: [Synth 8-327] inferring latch for variable 'sort32_reg[16]' [c:/Users/lotto/Desktop/Consegna/Block_Design/Block_Design.gen/sources_1/bd/B_Design/ipshared/ec29/src/Merge_Sort.vhd:296]
WARNING: [Synth 8-327] inferring latch for variable 'sort32_reg[15]' [c:/Users/lotto/Desktop/Consegna/Block_Design/Block_Design.gen/sources_1/bd/B_Design/ipshared/ec29/src/Merge_Sort.vhd:296]
WARNING: [Synth 8-327] inferring latch for variable 'sort32_reg[14]' [c:/Users/lotto/Desktop/Consegna/Block_Design/Block_Design.gen/sources_1/bd/B_Design/ipshared/ec29/src/Merge_Sort.vhd:296]
WARNING: [Synth 8-327] inferring latch for variable 'sort32_reg[13]' [c:/Users/lotto/Desktop/Consegna/Block_Design/Block_Design.gen/sources_1/bd/B_Design/ipshared/ec29/src/Merge_Sort.vhd:296]
WARNING: [Synth 8-327] inferring latch for variable 'sort32_reg[12]' [c:/Users/lotto/Desktop/Consegna/Block_Design/Block_Design.gen/sources_1/bd/B_Design/ipshared/ec29/src/Merge_Sort.vhd:296]
WARNING: [Synth 8-327] inferring latch for variable 'sort32_reg[11]' [c:/Users/lotto/Desktop/Consegna/Block_Design/Block_Design.gen/sources_1/bd/B_Design/ipshared/ec29/src/Merge_Sort.vhd:296]
WARNING: [Synth 8-327] inferring latch for variable 'sort32_reg[10]' [c:/Users/lotto/Desktop/Consegna/Block_Design/Block_Design.gen/sources_1/bd/B_Design/ipshared/ec29/src/Merge_Sort.vhd:296]
WARNING: [Synth 8-327] inferring latch for variable 'sort32_reg[9]' [c:/Users/lotto/Desktop/Consegna/Block_Design/Block_Design.gen/sources_1/bd/B_Design/ipshared/ec29/src/Merge_Sort.vhd:296]
WARNING: [Synth 8-327] inferring latch for variable 'sort32_reg[8]' [c:/Users/lotto/Desktop/Consegna/Block_Design/Block_Design.gen/sources_1/bd/B_Design/ipshared/ec29/src/Merge_Sort.vhd:296]
WARNING: [Synth 8-327] inferring latch for variable 'sort32_reg[7]' [c:/Users/lotto/Desktop/Consegna/Block_Design/Block_Design.gen/sources_1/bd/B_Design/ipshared/ec29/src/Merge_Sort.vhd:296]
WARNING: [Synth 8-327] inferring latch for variable 'sort32_reg[6]' [c:/Users/lotto/Desktop/Consegna/Block_Design/Block_Design.gen/sources_1/bd/B_Design/ipshared/ec29/src/Merge_Sort.vhd:296]
WARNING: [Synth 8-327] inferring latch for variable 'sort32_reg[5]' [c:/Users/lotto/Desktop/Consegna/Block_Design/Block_Design.gen/sources_1/bd/B_Design/ipshared/ec29/src/Merge_Sort.vhd:296]
WARNING: [Synth 8-327] inferring latch for variable 'sort32_reg[4]' [c:/Users/lotto/Desktop/Consegna/Block_Design/Block_Design.gen/sources_1/bd/B_Design/ipshared/ec29/src/Merge_Sort.vhd:296]
WARNING: [Synth 8-327] inferring latch for variable 'sort32_reg[3]' [c:/Users/lotto/Desktop/Consegna/Block_Design/Block_Design.gen/sources_1/bd/B_Design/ipshared/ec29/src/Merge_Sort.vhd:296]
WARNING: [Synth 8-327] inferring latch for variable 'sort32_reg[2]' [c:/Users/lotto/Desktop/Consegna/Block_Design/Block_Design.gen/sources_1/bd/B_Design/ipshared/ec29/src/Merge_Sort.vhd:296]
WARNING: [Synth 8-327] inferring latch for variable 'sort32_reg[1]' [c:/Users/lotto/Desktop/Consegna/Block_Design/Block_Design.gen/sources_1/bd/B_Design/ipshared/ec29/src/Merge_Sort.vhd:296]
WARNING: [Synth 8-327] inferring latch for variable 'sort32_reg[0]' [c:/Users/lotto/Desktop/Consegna/Block_Design/Block_Design.gen/sources_1/bd/B_Design/ipshared/ec29/src/Merge_Sort.vhd:296]
WARNING: [Synth 8-327] inferring latch for variable 'sort16_reg[31]' [c:/Users/lotto/Desktop/Consegna/Block_Design/Block_Design.gen/sources_1/bd/B_Design/ipshared/ec29/src/Merge_Sort.vhd:252]
WARNING: [Synth 8-327] inferring latch for variable 'sort16_reg[30]' [c:/Users/lotto/Desktop/Consegna/Block_Design/Block_Design.gen/sources_1/bd/B_Design/ipshared/ec29/src/Merge_Sort.vhd:252]
WARNING: [Synth 8-327] inferring latch for variable 'sort16_reg[29]' [c:/Users/lotto/Desktop/Consegna/Block_Design/Block_Design.gen/sources_1/bd/B_Design/ipshared/ec29/src/Merge_Sort.vhd:252]
WARNING: [Synth 8-327] inferring latch for variable 'sort16_reg[28]' [c:/Users/lotto/Desktop/Consegna/Block_Design/Block_Design.gen/sources_1/bd/B_Design/ipshared/ec29/src/Merge_Sort.vhd:252]
WARNING: [Synth 8-327] inferring latch for variable 'sort16_reg[27]' [c:/Users/lotto/Desktop/Consegna/Block_Design/Block_Design.gen/sources_1/bd/B_Design/ipshared/ec29/src/Merge_Sort.vhd:252]
WARNING: [Synth 8-327] inferring latch for variable 'sort16_reg[26]' [c:/Users/lotto/Desktop/Consegna/Block_Design/Block_Design.gen/sources_1/bd/B_Design/ipshared/ec29/src/Merge_Sort.vhd:252]
WARNING: [Synth 8-327] inferring latch for variable 'sort16_reg[25]' [c:/Users/lotto/Desktop/Consegna/Block_Design/Block_Design.gen/sources_1/bd/B_Design/ipshared/ec29/src/Merge_Sort.vhd:252]
WARNING: [Synth 8-327] inferring latch for variable 'sort16_reg[24]' [c:/Users/lotto/Desktop/Consegna/Block_Design/Block_Design.gen/sources_1/bd/B_Design/ipshared/ec29/src/Merge_Sort.vhd:252]
WARNING: [Synth 8-327] inferring latch for variable 'sort16_reg[23]' [c:/Users/lotto/Desktop/Consegna/Block_Design/Block_Design.gen/sources_1/bd/B_Design/ipshared/ec29/src/Merge_Sort.vhd:252]
WARNING: [Synth 8-327] inferring latch for variable 'sort16_reg[22]' [c:/Users/lotto/Desktop/Consegna/Block_Design/Block_Design.gen/sources_1/bd/B_Design/ipshared/ec29/src/Merge_Sort.vhd:252]
WARNING: [Synth 8-327] inferring latch for variable 'sort16_reg[21]' [c:/Users/lotto/Desktop/Consegna/Block_Design/Block_Design.gen/sources_1/bd/B_Design/ipshared/ec29/src/Merge_Sort.vhd:252]
WARNING: [Synth 8-327] inferring latch for variable 'sort16_reg[20]' [c:/Users/lotto/Desktop/Consegna/Block_Design/Block_Design.gen/sources_1/bd/B_Design/ipshared/ec29/src/Merge_Sort.vhd:252]
WARNING: [Synth 8-327] inferring latch for variable 'sort16_reg[19]' [c:/Users/lotto/Desktop/Consegna/Block_Design/Block_Design.gen/sources_1/bd/B_Design/ipshared/ec29/src/Merge_Sort.vhd:252]
WARNING: [Synth 8-327] inferring latch for variable 'sort16_reg[18]' [c:/Users/lotto/Desktop/Consegna/Block_Design/Block_Design.gen/sources_1/bd/B_Design/ipshared/ec29/src/Merge_Sort.vhd:252]
WARNING: [Synth 8-327] inferring latch for variable 'sort16_reg[17]' [c:/Users/lotto/Desktop/Consegna/Block_Design/Block_Design.gen/sources_1/bd/B_Design/ipshared/ec29/src/Merge_Sort.vhd:252]
WARNING: [Synth 8-327] inferring latch for variable 'sort16_reg[16]' [c:/Users/lotto/Desktop/Consegna/Block_Design/Block_Design.gen/sources_1/bd/B_Design/ipshared/ec29/src/Merge_Sort.vhd:252]
WARNING: [Synth 8-327] inferring latch for variable 'sort16_reg[15]' [c:/Users/lotto/Desktop/Consegna/Block_Design/Block_Design.gen/sources_1/bd/B_Design/ipshared/ec29/src/Merge_Sort.vhd:252]
WARNING: [Synth 8-327] inferring latch for variable 'sort16_reg[14]' [c:/Users/lotto/Desktop/Consegna/Block_Design/Block_Design.gen/sources_1/bd/B_Design/ipshared/ec29/src/Merge_Sort.vhd:252]
WARNING: [Synth 8-327] inferring latch for variable 'sort16_reg[13]' [c:/Users/lotto/Desktop/Consegna/Block_Design/Block_Design.gen/sources_1/bd/B_Design/ipshared/ec29/src/Merge_Sort.vhd:252]
WARNING: [Synth 8-327] inferring latch for variable 'sort16_reg[12]' [c:/Users/lotto/Desktop/Consegna/Block_Design/Block_Design.gen/sources_1/bd/B_Design/ipshared/ec29/src/Merge_Sort.vhd:252]
WARNING: [Synth 8-327] inferring latch for variable 'sort16_reg[11]' [c:/Users/lotto/Desktop/Consegna/Block_Design/Block_Design.gen/sources_1/bd/B_Design/ipshared/ec29/src/Merge_Sort.vhd:252]
WARNING: [Synth 8-327] inferring latch for variable 'sort16_reg[10]' [c:/Users/lotto/Desktop/Consegna/Block_Design/Block_Design.gen/sources_1/bd/B_Design/ipshared/ec29/src/Merge_Sort.vhd:252]
WARNING: [Synth 8-327] inferring latch for variable 'sort16_reg[9]' [c:/Users/lotto/Desktop/Consegna/Block_Design/Block_Design.gen/sources_1/bd/B_Design/ipshared/ec29/src/Merge_Sort.vhd:252]
WARNING: [Synth 8-327] inferring latch for variable 'sort16_reg[8]' [c:/Users/lotto/Desktop/Consegna/Block_Design/Block_Design.gen/sources_1/bd/B_Design/ipshared/ec29/src/Merge_Sort.vhd:252]
WARNING: [Synth 8-327] inferring latch for variable 'sort16_reg[7]' [c:/Users/lotto/Desktop/Consegna/Block_Design/Block_Design.gen/sources_1/bd/B_Design/ipshared/ec29/src/Merge_Sort.vhd:252]
WARNING: [Synth 8-327] inferring latch for variable 'sort16_reg[6]' [c:/Users/lotto/Desktop/Consegna/Block_Design/Block_Design.gen/sources_1/bd/B_Design/ipshared/ec29/src/Merge_Sort.vhd:252]
WARNING: [Synth 8-327] inferring latch for variable 'sort16_reg[5]' [c:/Users/lotto/Desktop/Consegna/Block_Design/Block_Design.gen/sources_1/bd/B_Design/ipshared/ec29/src/Merge_Sort.vhd:252]
WARNING: [Synth 8-327] inferring latch for variable 'sort16_reg[4]' [c:/Users/lotto/Desktop/Consegna/Block_Design/Block_Design.gen/sources_1/bd/B_Design/ipshared/ec29/src/Merge_Sort.vhd:252]
WARNING: [Synth 8-327] inferring latch for variable 'sort16_reg[3]' [c:/Users/lotto/Desktop/Consegna/Block_Design/Block_Design.gen/sources_1/bd/B_Design/ipshared/ec29/src/Merge_Sort.vhd:252]
WARNING: [Synth 8-327] inferring latch for variable 'sort16_reg[2]' [c:/Users/lotto/Desktop/Consegna/Block_Design/Block_Design.gen/sources_1/bd/B_Design/ipshared/ec29/src/Merge_Sort.vhd:252]
WARNING: [Synth 8-327] inferring latch for variable 'sort16_reg[1]' [c:/Users/lotto/Desktop/Consegna/Block_Design/Block_Design.gen/sources_1/bd/B_Design/ipshared/ec29/src/Merge_Sort.vhd:252]
WARNING: [Synth 8-327] inferring latch for variable 'sort16_reg[0]' [c:/Users/lotto/Desktop/Consegna/Block_Design/Block_Design.gen/sources_1/bd/B_Design/ipshared/ec29/src/Merge_Sort.vhd:252]
WARNING: [Synth 8-327] inferring latch for variable 'sort8_reg[31]' [c:/Users/lotto/Desktop/Consegna/Block_Design/Block_Design.gen/sources_1/bd/B_Design/ipshared/ec29/src/Merge_Sort.vhd:210]
WARNING: [Synth 8-327] inferring latch for variable 'sort8_reg[30]' [c:/Users/lotto/Desktop/Consegna/Block_Design/Block_Design.gen/sources_1/bd/B_Design/ipshared/ec29/src/Merge_Sort.vhd:210]
WARNING: [Synth 8-327] inferring latch for variable 'sort8_reg[29]' [c:/Users/lotto/Desktop/Consegna/Block_Design/Block_Design.gen/sources_1/bd/B_Design/ipshared/ec29/src/Merge_Sort.vhd:210]
WARNING: [Synth 8-327] inferring latch for variable 'sort8_reg[28]' [c:/Users/lotto/Desktop/Consegna/Block_Design/Block_Design.gen/sources_1/bd/B_Design/ipshared/ec29/src/Merge_Sort.vhd:210]
WARNING: [Synth 8-327] inferring latch for variable 'sort8_reg[27]' [c:/Users/lotto/Desktop/Consegna/Block_Design/Block_Design.gen/sources_1/bd/B_Design/ipshared/ec29/src/Merge_Sort.vhd:210]
WARNING: [Synth 8-327] inferring latch for variable 'sort8_reg[26]' [c:/Users/lotto/Desktop/Consegna/Block_Design/Block_Design.gen/sources_1/bd/B_Design/ipshared/ec29/src/Merge_Sort.vhd:210]
WARNING: [Synth 8-327] inferring latch for variable 'sort8_reg[25]' [c:/Users/lotto/Desktop/Consegna/Block_Design/Block_Design.gen/sources_1/bd/B_Design/ipshared/ec29/src/Merge_Sort.vhd:210]
WARNING: [Synth 8-327] inferring latch for variable 'sort8_reg[24]' [c:/Users/lotto/Desktop/Consegna/Block_Design/Block_Design.gen/sources_1/bd/B_Design/ipshared/ec29/src/Merge_Sort.vhd:210]
WARNING: [Synth 8-327] inferring latch for variable 'sort8_reg[7]' [c:/Users/lotto/Desktop/Consegna/Block_Design/Block_Design.gen/sources_1/bd/B_Design/ipshared/ec29/src/Merge_Sort.vhd:210]
WARNING: [Synth 8-327] inferring latch for variable 'sort8_reg[6]' [c:/Users/lotto/Desktop/Consegna/Block_Design/Block_Design.gen/sources_1/bd/B_Design/ipshared/ec29/src/Merge_Sort.vhd:210]
WARNING: [Synth 8-327] inferring latch for variable 'sort8_reg[5]' [c:/Users/lotto/Desktop/Consegna/Block_Design/Block_Design.gen/sources_1/bd/B_Design/ipshared/ec29/src/Merge_Sort.vhd:210]
WARNING: [Synth 8-327] inferring latch for variable 'sort8_reg[4]' [c:/Users/lotto/Desktop/Consegna/Block_Design/Block_Design.gen/sources_1/bd/B_Design/ipshared/ec29/src/Merge_Sort.vhd:210]
WARNING: [Synth 8-327] inferring latch for variable 'sort8_reg[3]' [c:/Users/lotto/Desktop/Consegna/Block_Design/Block_Design.gen/sources_1/bd/B_Design/ipshared/ec29/src/Merge_Sort.vhd:210]
WARNING: [Synth 8-327] inferring latch for variable 'sort8_reg[2]' [c:/Users/lotto/Desktop/Consegna/Block_Design/Block_Design.gen/sources_1/bd/B_Design/ipshared/ec29/src/Merge_Sort.vhd:210]
WARNING: [Synth 8-327] inferring latch for variable 'sort8_reg[1]' [c:/Users/lotto/Desktop/Consegna/Block_Design/Block_Design.gen/sources_1/bd/B_Design/ipshared/ec29/src/Merge_Sort.vhd:210]
WARNING: [Synth 8-327] inferring latch for variable 'sort8_reg[0]' [c:/Users/lotto/Desktop/Consegna/Block_Design/Block_Design.gen/sources_1/bd/B_Design/ipshared/ec29/src/Merge_Sort.vhd:210]
WARNING: [Synth 8-327] inferring latch for variable 'sort8_reg[16]' [c:/Users/lotto/Desktop/Consegna/Block_Design/Block_Design.gen/sources_1/bd/B_Design/ipshared/ec29/src/Merge_Sort.vhd:210]
WARNING: [Synth 8-327] inferring latch for variable 'sort8_reg[17]' [c:/Users/lotto/Desktop/Consegna/Block_Design/Block_Design.gen/sources_1/bd/B_Design/ipshared/ec29/src/Merge_Sort.vhd:210]
WARNING: [Synth 8-327] inferring latch for variable 'sort8_reg[18]' [c:/Users/lotto/Desktop/Consegna/Block_Design/Block_Design.gen/sources_1/bd/B_Design/ipshared/ec29/src/Merge_Sort.vhd:210]
WARNING: [Synth 8-327] inferring latch for variable 'sort8_reg[19]' [c:/Users/lotto/Desktop/Consegna/Block_Design/Block_Design.gen/sources_1/bd/B_Design/ipshared/ec29/src/Merge_Sort.vhd:210]
WARNING: [Synth 8-327] inferring latch for variable 'sort8_reg[20]' [c:/Users/lotto/Desktop/Consegna/Block_Design/Block_Design.gen/sources_1/bd/B_Design/ipshared/ec29/src/Merge_Sort.vhd:210]
WARNING: [Synth 8-327] inferring latch for variable 'sort8_reg[21]' [c:/Users/lotto/Desktop/Consegna/Block_Design/Block_Design.gen/sources_1/bd/B_Design/ipshared/ec29/src/Merge_Sort.vhd:210]
WARNING: [Synth 8-327] inferring latch for variable 'sort8_reg[22]' [c:/Users/lotto/Desktop/Consegna/Block_Design/Block_Design.gen/sources_1/bd/B_Design/ipshared/ec29/src/Merge_Sort.vhd:210]
WARNING: [Synth 8-327] inferring latch for variable 'sort8_reg[23]' [c:/Users/lotto/Desktop/Consegna/Block_Design/Block_Design.gen/sources_1/bd/B_Design/ipshared/ec29/src/Merge_Sort.vhd:210]
WARNING: [Synth 8-327] inferring latch for variable 'sort8_reg[15]' [c:/Users/lotto/Desktop/Consegna/Block_Design/Block_Design.gen/sources_1/bd/B_Design/ipshared/ec29/src/Merge_Sort.vhd:210]
WARNING: [Synth 8-327] inferring latch for variable 'sort8_reg[14]' [c:/Users/lotto/Desktop/Consegna/Block_Design/Block_Design.gen/sources_1/bd/B_Design/ipshared/ec29/src/Merge_Sort.vhd:210]
WARNING: [Synth 8-327] inferring latch for variable 'sort8_reg[13]' [c:/Users/lotto/Desktop/Consegna/Block_Design/Block_Design.gen/sources_1/bd/B_Design/ipshared/ec29/src/Merge_Sort.vhd:210]
WARNING: [Synth 8-327] inferring latch for variable 'sort8_reg[12]' [c:/Users/lotto/Desktop/Consegna/Block_Design/Block_Design.gen/sources_1/bd/B_Design/ipshared/ec29/src/Merge_Sort.vhd:210]
WARNING: [Synth 8-327] inferring latch for variable 'sort8_reg[11]' [c:/Users/lotto/Desktop/Consegna/Block_Design/Block_Design.gen/sources_1/bd/B_Design/ipshared/ec29/src/Merge_Sort.vhd:210]
WARNING: [Synth 8-327] inferring latch for variable 'sort8_reg[10]' [c:/Users/lotto/Desktop/Consegna/Block_Design/Block_Design.gen/sources_1/bd/B_Design/ipshared/ec29/src/Merge_Sort.vhd:210]
WARNING: [Synth 8-327] inferring latch for variable 'sort8_reg[9]' [c:/Users/lotto/Desktop/Consegna/Block_Design/Block_Design.gen/sources_1/bd/B_Design/ipshared/ec29/src/Merge_Sort.vhd:210]
WARNING: [Synth 8-327] inferring latch for variable 'sort8_reg[8]' [c:/Users/lotto/Desktop/Consegna/Block_Design/Block_Design.gen/sources_1/bd/B_Design/ipshared/ec29/src/Merge_Sort.vhd:210]
WARNING: [Synth 8-327] inferring latch for variable 'sort4_reg[31]' [c:/Users/lotto/Desktop/Consegna/Block_Design/Block_Design.gen/sources_1/bd/B_Design/ipshared/ec29/src/Merge_Sort.vhd:164]
WARNING: [Synth 8-327] inferring latch for variable 'sort4_reg[30]' [c:/Users/lotto/Desktop/Consegna/Block_Design/Block_Design.gen/sources_1/bd/B_Design/ipshared/ec29/src/Merge_Sort.vhd:164]
WARNING: [Synth 8-327] inferring latch for variable 'sort4_reg[29]' [c:/Users/lotto/Desktop/Consegna/Block_Design/Block_Design.gen/sources_1/bd/B_Design/ipshared/ec29/src/Merge_Sort.vhd:164]
WARNING: [Synth 8-327] inferring latch for variable 'sort4_reg[28]' [c:/Users/lotto/Desktop/Consegna/Block_Design/Block_Design.gen/sources_1/bd/B_Design/ipshared/ec29/src/Merge_Sort.vhd:164]
INFO: [Common 17-14] Message 'Synth 8-327' appears 100 times and further instances of the messages will be disabled. Use the Tcl command set_msg_config to change the current settings.
---------------------------------------------------------------------------------------------------
                   State |                     New Encoding |                Previous Encoding 
---------------------------------------------------------------------------------------------------
                    idle |                               00 |                               00
            init_counter |                               01 |                               01
             send_stream |                               10 |                               10
---------------------------------------------------------------------------------------------------
INFO: [Synth 8-3354] encoded FSM with state register 'mst_exec_state_reg' using encoding 'sequential' in module 'AXI_MERGE_v1_0_AXI_MASTER'
---------------------------------------------------------------------------------
Finished RTL Optimization Phase 2 : Time (s): cpu = 00:00:12 ; elapsed = 00:00:31 . Memory (MB): peak = 1605.184 ; gain = 723.383
---------------------------------------------------------------------------------
---------------------------------------------------------------------------------
Start RTL Component Statistics 
---------------------------------------------------------------------------------
Detailed RTL Component Info : 
+---Adders : 
	   2 Input    7 Bit       Adders := 36    
	   2 Input    6 Bit       Adders := 79    
	   2 Input    5 Bit       Adders := 143   
	   2 Input    4 Bit       Adders := 72    
	   2 Input    3 Bit       Adders := 60    
+---Registers : 
	               32 Bit    Registers := 259   
	                6 Bit    Registers := 1     
	                5 Bit    Registers := 1     
	                1 Bit    Registers := 9     
+---Muxes : 
	   2 Input   32 Bit        Muxes := 480   
	   4 Input   32 Bit        Muxes := 22    
	   3 Input   32 Bit        Muxes := 26    
	   5 Input   32 Bit        Muxes := 23    
	   2 Input   31 Bit        Muxes := 4     
	   2 Input   30 Bit        Muxes := 4     
	   2 Input   29 Bit        Muxes := 4     
	   5 Input   29 Bit        Muxes := 2     
	   2 Input   28 Bit        Muxes := 4     
	   2 Input   27 Bit        Muxes := 4     
	   2 Input   26 Bit        Muxes := 4     
	   2 Input   25 Bit        Muxes := 4     
	   5 Input   25 Bit        Muxes := 2     
	   2 Input   24 Bit        Muxes := 4     
	   2 Input   23 Bit        Muxes := 4     
	   2 Input   22 Bit        Muxes := 4     
	   5 Input   21 Bit        Muxes := 6     
	   2 Input   21 Bit        Muxes := 4     
	   2 Input   20 Bit        Muxes := 4     
	   2 Input   19 Bit        Muxes := 4     
	   2 Input   18 Bit        Muxes := 4     
	   5 Input   17 Bit        Muxes := 4     
	   2 Input   17 Bit        Muxes := 6     
	   2 Input   16 Bit        Muxes := 6     
	   2 Input   15 Bit        Muxes := 10    
	   2 Input   14 Bit        Muxes := 10    
	   2 Input   13 Bit        Muxes := 10    
	   5 Input   13 Bit        Muxes := 4     
	   2 Input   12 Bit        Muxes := 10    
	   2 Input   11 Bit        Muxes := 10    
	   2 Input   10 Bit        Muxes := 10    
	   2 Input    9 Bit        Muxes := 14    
	   5 Input    9 Bit        Muxes := 8     
	   2 Input    8 Bit        Muxes := 14    
	   2 Input    7 Bit        Muxes := 22    
	   2 Input    6 Bit        Muxes := 22    
	   2 Input    5 Bit        Muxes := 30    
	   2 Input    4 Bit        Muxes := 30    
	   2 Input    2 Bit        Muxes := 17    
	   3 Input    2 Bit        Muxes := 1     
	   2 Input    1 Bit        Muxes := 263   
	   3 Input    1 Bit        Muxes := 1     
---------------------------------------------------------------------------------
Finished RTL Component Statistics 
---------------------------------------------------------------------------------
---------------------------------------------------------------------------------
Start Part Resource Summary
---------------------------------------------------------------------------------
Part Resources:
DSPs: 220 (col length:60)
BRAMs: 280 (col length: RAMB18 60 RAMB36 30)
---------------------------------------------------------------------------------
Finished Part Resource Summary
---------------------------------------------------------------------------------
---------------------------------------------------------------------------------
Start Cross Boundary and Area Optimization
---------------------------------------------------------------------------------
---------------------------------------------------------------------------------
Finished Cross Boundary and Area Optimization : Time (s): cpu = 00:00:20 ; elapsed = 00:01:31 . Memory (MB): peak = 1605.184 ; gain = 723.383
---------------------------------------------------------------------------------
---------------------------------------------------------------------------------
Start Applying XDC Timing Constraints
---------------------------------------------------------------------------------
---------------------------------------------------------------------------------
Finished Applying XDC Timing Constraints : Time (s): cpu = 00:00:22 ; elapsed = 00:01:35 . Memory (MB): peak = 1605.184 ; gain = 723.383
---------------------------------------------------------------------------------
---------------------------------------------------------------------------------
Start Timing Optimization
---------------------------------------------------------------------------------
---------------------------------------------------------------------------------
Finished Timing Optimization : Time (s): cpu = 00:00:22 ; elapsed = 00:01:36 . Memory (MB): peak = 1605.184 ; gain = 723.383
---------------------------------------------------------------------------------
---------------------------------------------------------------------------------
Start Technology Mapping
---------------------------------------------------------------------------------
---------------------------------------------------------------------------------
Finished Technology Mapping : Time (s): cpu = 00:00:23 ; elapsed = 00:01:45 . Memory (MB): peak = 1605.184 ; gain = 723.383
---------------------------------------------------------------------------------
---------------------------------------------------------------------------------
Start IO Insertion
---------------------------------------------------------------------------------
---------------------------------------------------------------------------------
Start Flattening Before IO Insertion
---------------------------------------------------------------------------------
---------------------------------------------------------------------------------
Finished Flattening Before IO Insertion
---------------------------------------------------------------------------------
---------------------------------------------------------------------------------
Start Final Netlist Cleanup
---------------------------------------------------------------------------------
---------------------------------------------------------------------------------
Finished Final Netlist Cleanup
---------------------------------------------------------------------------------
---------------------------------------------------------------------------------
Finished IO Insertion : Time (s): cpu = 00:00:24 ; elapsed = 00:01:49 . Memory (MB): peak = 1605.184 ; gain = 723.383
---------------------------------------------------------------------------------
---------------------------------------------------------------------------------
Start Renaming Generated Instances
---------------------------------------------------------------------------------
---------------------------------------------------------------------------------
Finished Renaming Generated Instances : Time (s): cpu = 00:00:24 ; elapsed = 00:01:50 . Memory (MB): peak = 1605.184 ; gain = 723.383
---------------------------------------------------------------------------------
---------------------------------------------------------------------------------
Start Rebuilding User Hierarchy
---------------------------------------------------------------------------------
---------------------------------------------------------------------------------
Finished Rebuilding User Hierarchy : Time (s): cpu = 00:00:25 ; elapsed = 00:01:51 . Memory (MB): peak = 1605.184 ; gain = 723.383
---------------------------------------------------------------------------------
---------------------------------------------------------------------------------
Start Renaming Generated Ports
---------------------------------------------------------------------------------
---------------------------------------------------------------------------------
Finished Renaming Generated Ports : Time (s): cpu = 00:00:25 ; elapsed = 00:01:51 . Memory (MB): peak = 1605.184 ; gain = 723.383
---------------------------------------------------------------------------------
---------------------------------------------------------------------------------
Start Handling Custom Attributes
---------------------------------------------------------------------------------
---------------------------------------------------------------------------------
Finished Handling Custom Attributes : Time (s): cpu = 00:00:26 ; elapsed = 00:01:54 . Memory (MB): peak = 1605.184 ; gain = 723.383
---------------------------------------------------------------------------------
---------------------------------------------------------------------------------
Start Renaming Generated Nets
---------------------------------------------------------------------------------
---------------------------------------------------------------------------------
Finished Renaming Generated Nets : Time (s): cpu = 00:00:26 ; elapsed = 00:01:54 . Memory (MB): peak = 1605.184 ; gain = 723.383
---------------------------------------------------------------------------------
---------------------------------------------------------------------------------
Start Writing Synthesis Report
---------------------------------------------------------------------------------

Report BlackBoxes: 
+-+--------------+----------+
| |BlackBox name |Instances |
+-+--------------+----------+
+-+--------------+----------+

Report Cell Usage: 
+------+-------+------+
|      |Cell   |Count |
+------+-------+------+
|1     |CARRY4 |   823|
|2     |LUT1   |   245|
|3     |LUT2   |   460|
|4     |LUT3   |  9339|
|5     |LUT4   |  4457|
|6     |LUT5   |  6290|
|7     |LUT6   | 18965|
|8     |MUXF7  |  2722|
|9     |MUXF8  |   448|
|10    |FDCE   |  8160|
|11    |FDPE   |  1024|
|12    |FDRE   |   178|
|13    |LDC    |  5120|
+------+-------+------+
---------------------------------------------------------------------------------
Finished Writing Synthesis Report : Time (s): cpu = 00:00:26 ; elapsed = 00:01:54 . Memory (MB): peak = 1605.184 ; gain = 723.383
---------------------------------------------------------------------------------
Synthesis finished with 0 errors, 0 critical warnings and 128 warnings.
Synthesis Optimization Runtime : Time (s): cpu = 00:00:19 ; elapsed = 00:01:49 . Memory (MB): peak = 1605.184 ; gain = 597.984
Synthesis Optimization Complete : Time (s): cpu = 00:00:26 ; elapsed = 00:01:55 . Memory (MB): peak = 1605.184 ; gain = 723.383
INFO: [Project 1-571] Translating synthesized netlist
Netlist sorting complete. Time (s): cpu = 00:00:00 ; elapsed = 00:00:00.399 . Memory (MB): peak = 1605.184 ; gain = 0.000
INFO: [Netlist 29-17] Analyzing 9113 Unisim elements for replacement
INFO: [Netlist 29-28] Unisim Transformation completed in 0 CPU seconds
INFO: [Project 1-570] Preparing netlist for logic optimization
INFO: [Opt 31-138] Pushed 0 inverter(s) to 0 load pin(s).
Netlist sorting complete. Time (s): cpu = 00:00:00 ; elapsed = 00:00:00.007 . Memory (MB): peak = 1617.488 ; gain = 0.000
INFO: [Project 1-111] Unisim Transformation Summary:
  A total of 5120 instances were transformed.
  LDC => LDCE: 5120 instances

Synth Design complete | Checksum: 3cc1c72c
INFO: [Common 17-83] Releasing license: Synthesis
136 Infos, 106 Warnings, 0 Critical Warnings and 0 Errors encountered.
synth_design completed successfully
synth_design: Time (s): cpu = 00:00:29 ; elapsed = 00:02:04 . Memory (MB): peak = 1617.488 ; gain = 1141.488
INFO: [Common 17-1381] The checkpoint 'C:/Users/lotto/Desktop/Consegna/Block_Design/Block_Design.runs/B_Design_AXI_MERGE_v1_0_0_0_synth_1/B_Design_AXI_MERGE_v1_0_0_0.dcp' has been generated.
INFO: [Coretcl 2-1648] Added synthesis output to IP cache for IP B_Design_AXI_MERGE_v1_0_0_0, cache-ID = 3836e8b9b4a996c8
INFO: [Coretcl 2-1174] Renamed 196 cell refs.
INFO: [Common 17-1381] The checkpoint 'C:/Users/lotto/Desktop/Consegna/Block_Design/Block_Design.runs/B_Design_AXI_MERGE_v1_0_0_0_synth_1/B_Design_AXI_MERGE_v1_0_0_0.dcp' has been generated.
INFO: [runtcl-4] Executing : report_utilization -file B_Design_AXI_MERGE_v1_0_0_0_utilization_synth.rpt -pb B_Design_AXI_MERGE_v1_0_0_0_utilization_synth.pb
INFO: [Common 17-206] Exiting Vivado at Mon Feb 12 18:04:50 2024...
